<?xml version="1.0" encoding="utf-8"?>
<!DOCTYPE coverage SYSTEM "http://cobertura.sourceforge.net/xml/coverage-04.dtd">
<coverage line-rate="0.577087794432548" branch-rate="0.480769230769231" lines-covered="539" lines-valid="934" branches-covered="125" branches-valid="260" complexity="226" version="0" timestamp="1668298068">
  <sources />
  <packages>
    <package name="TestiranjeSoftvera-Zadaca2" line-rate="0.456981664315938" branch-rate="0.378504672897196" complexity="173">
      <classes>
        <class name="TestiranjeSoftvera_Zadaca2.Algoritmi.Pretrage" filename="C:\Users\fatal\OneDrive\Desktop\ETF-RS-1-GODINA-1-SEMESTAR\3. Semestar\TS\Zadace\Zadaca2\TestiranjeSoftvera-Zadaca2\Algoritmi\Pretrage.cs" line-rate="0.787456445993031" branch-rate="0.620689655172414" complexity="NaN">
          <methods>
            <method name="iscrpnaPretraga" signature="(System.Collections.Generic.IList`1&lt;T&gt;,T)" line-rate="1" branch-rate="1" complexity="NaN">
              <lines>
                <line number="18" hits="6" branch="false" />
                <line number="20" hits="6" branch="false" />
                <line number="21" hits="1508" branch="true" condition-coverage="100% (2/2)" />
                <line number="22" hits="753" branch="false" />
                <line number="23" hits="753" branch="true" condition-coverage="100% (2/2)" />
                <line number="24" hits="5" branch="false" />
                <line number="25" hits="748" branch="false" />
                <line number="26" hits="1" branch="false" />
                <line number="27" hits="6" branch="false" />
              </lines>
            </method>
            <method name="iscrpnaPretraga" signature="(System.Collections.Generic.IList`1&lt;TestiranjeSoftvera_Zadaca2.Klase.Osoba&gt;,TestiranjeSoftvera_Zadaca2.Klase.Osoba)" line-rate="0.777777777777778" branch-rate="0.5" complexity="NaN">
              <lines>
                <line number="30" hits="1" branch="false" />
                <line number="32" hits="1" branch="false" />
                <line number="33" hits="2" branch="true" condition-coverage="50% (1/2)" />
                <line number="34" hits="1" branch="false" />
                <line number="35" hits="1" branch="true" condition-coverage="50% (1/2)" />
                <line number="36" hits="1" branch="false" />
                <line number="37" hits="0" branch="false" />
                <line number="38" hits="0" branch="false" />
                <line number="39" hits="1" branch="false" />
              </lines>
            </method>
            <method name="fibonaciPretraga" signature="(System.Collections.Generic.IList`1&lt;T&gt;,T)" line-rate="0.96969696969697" branch-rate="0.833333333333333" complexity="NaN">
              <lines>
                <line number="44" hits="6" branch="false" />
                <line number="45" hits="6" branch="false" />
                <line number="46" hits="6" branch="false" />
                <line number="47" hits="6" branch="false" />
                <line number="49" hits="66" branch="true" condition-coverage="100% (2/2)" />
                <line number="50" hits="60" branch="false" />
                <line number="51" hits="60" branch="false" />
                <line number="52" hits="60" branch="false" />
                <line number="53" hits="60" branch="false" />
                <line number="54" hits="60" branch="false" />
                <line number="56" hits="6" branch="false" />
                <line number="58" hits="33" branch="true" condition-coverage="100% (2/2)" />
                <line number="59" hits="32" branch="false" />
                <line number="60" hits="32" branch="false" />
                <line number="61" hits="32" branch="true" condition-coverage="100% (2/2)" />
                <line number="62" hits="20" branch="false" />
                <line number="63" hits="20" branch="false" />
                <line number="64" hits="20" branch="false" />
                <line number="65" hits="20" branch="false" />
                <line number="66" hits="20" branch="false" />
                <line number="67" hits="20" branch="false" />
                <line number="69" hits="12" branch="true" condition-coverage="100% (2/2)" />
                <line number="70" hits="7" branch="false" />
                <line number="71" hits="7" branch="false" />
                <line number="72" hits="7" branch="false" />
                <line number="73" hits="7" branch="false" />
                <line number="74" hits="7" branch="false" />
                <line number="76" hits="5" branch="false" />
                <line number="77" hits="27" branch="false" />
                <line number="78" hits="1" branch="true" condition-coverage="50% (2/4)" />
                <line number="79" hits="0" branch="false" />
                <line number="81" hits="1" branch="false" />
                <line number="82" hits="6" branch="false" />
              </lines>
            </method>
            <method name="fibonaciPretraga" signature="(System.Collections.Generic.IList`1&lt;TestiranjeSoftvera_Zadaca2.Klase.Osoba&gt;,TestiranjeSoftvera_Zadaca2.Klase.Osoba)" line-rate="0.558823529411765" branch-rate="0.416666666666667" complexity="NaN">
              <lines>
                <line number="85" hits="1" branch="false" />
                <line number="86" hits="1" branch="false" />
                <line number="89" hits="1" branch="false" />
                <line number="90" hits="1" branch="false" />
                <line number="91" hits="1" branch="false" />
                <line number="93" hits="6" branch="true" condition-coverage="100% (2/2)" />
                <line number="94" hits="5" branch="false" />
                <line number="95" hits="5" branch="false" />
                <line number="96" hits="5" branch="false" />
                <line number="97" hits="5" branch="false" />
                <line number="98" hits="5" branch="false" />
                <line number="100" hits="1" branch="false" />
                <line number="102" hits="1" branch="true" condition-coverage="50% (1/2)" />
                <line number="103" hits="1" branch="false" />
                <line number="104" hits="1" branch="false" />
                <line number="105" hits="1" branch="true" condition-coverage="50% (1/2)" />
                <line number="106" hits="0" branch="false" />
                <line number="107" hits="0" branch="false" />
                <line number="108" hits="0" branch="false" />
                <line number="109" hits="0" branch="false" />
                <line number="110" hits="0" branch="false" />
                <line number="111" hits="0" branch="false" />
                <line number="113" hits="1" branch="true" condition-coverage="50% (1/2)" />
                <line number="114" hits="0" branch="false" />
                <line number="115" hits="0" branch="false" />
                <line number="116" hits="0" branch="false" />
                <line number="117" hits="0" branch="false" />
                <line number="118" hits="0" branch="false" />
                <line number="120" hits="1" branch="false" />
                <line number="121" hits="0" branch="false" />
                <line number="122" hits="0" branch="true" condition-coverage="0% (0/4)" />
                <line number="123" hits="0" branch="false" />
                <line number="125" hits="0" branch="false" />
                <line number="126" hits="1" branch="false" />
              </lines>
            </method>
            <method name="rekurzivnaBinarnaPretraga" signature="(System.Collections.Generic.IList`1&lt;T&gt;,T)" line-rate="1" branch-rate="1" complexity="NaN">
              <lines>
                <line number="131" hits="6" branch="false" />
                <line number="133" hits="6" branch="false" />
                <line number="134" hits="6" branch="false" />
              </lines>
            </method>
            <method name="rekurzivnaBinarnaPretraga" signature="(System.Collections.Generic.IList`1&lt;TestiranjeSoftvera_Zadaca2.Klase.Osoba&gt;,TestiranjeSoftvera_Zadaca2.Klase.Osoba)" line-rate="1" branch-rate="1" complexity="NaN">
              <lines>
                <line number="137" hits="1" branch="false" />
                <line number="138" hits="1" branch="false" />
                <line number="139" hits="1" branch="false" />
                <line number="140" hits="1" branch="false" />
              </lines>
            </method>
            <method name="binarnaPretraga" signature="(System.Collections.Generic.IList`1&lt;T&gt;,T)" line-rate="1" branch-rate="1" complexity="NaN">
              <lines>
                <line number="145" hits="6" branch="false" />
                <line number="147" hits="6" branch="false" />
                <line number="148" hits="6" branch="false" />
                <line number="151" hits="41" branch="true" condition-coverage="100% (2/2)" />
                <line number="152" hits="35" branch="false" />
                <line number="153" hits="35" branch="false" />
                <line number="154" hits="35" branch="true" condition-coverage="100% (2/2)" />
                <line number="155" hits="26" branch="false" />
                <line number="156" hits="26" branch="false" />
                <line number="157" hits="26" branch="false" />
                <line number="159" hits="9" branch="false" />
                <line number="160" hits="9" branch="false" />
                <line number="161" hits="9" branch="false" />
                <line number="162" hits="35" branch="false" />
                <line number="163" hits="6" branch="true" condition-coverage="100% (2/2)" />
                <line number="164" hits="4" branch="false" />
                <line number="165" hits="2" branch="true" condition-coverage="100% (2/2)" />
                <line number="166" hits="1" branch="false" />
                <line number="167" hits="1" branch="false" />
                <line number="168" hits="6" branch="false" />
              </lines>
            </method>
            <method name="binarnaPretraga" signature="(System.Collections.Generic.IList`1&lt;TestiranjeSoftvera_Zadaca2.Klase.Osoba&gt;,TestiranjeSoftvera_Zadaca2.Klase.Osoba)" line-rate="0.55" branch-rate="0.333333333333333" complexity="NaN">
              <lines>
                <line number="172" hits="1" branch="false" />
                <line number="173" hits="1" branch="false" />
                <line number="175" hits="1" branch="false" />
                <line number="176" hits="1" branch="false" />
                <line number="177" hits="1" branch="true" condition-coverage="50% (1/2)" />
                <line number="178" hits="1" branch="false" />
                <line number="179" hits="1" branch="false" />
                <line number="180" hits="1" branch="true" condition-coverage="50% (1/2)" />
                <line number="181" hits="1" branch="false" />
                <line number="182" hits="1" branch="false" />
                <line number="184" hits="0" branch="true" condition-coverage="0% (0/2)" />
                <line number="185" hits="0" branch="false" />
                <line number="186" hits="0" branch="false" />
                <line number="187" hits="0" branch="false" />
                <line number="189" hits="0" branch="false" />
                <line number="190" hits="0" branch="false" />
                <line number="191" hits="0" branch="false" />
                <line number="192" hits="0" branch="false" />
                <line number="193" hits="0" branch="false" />
                <line number="194" hits="1" branch="false" />
              </lines>
            </method>
            <method name="bibliotecnaPretraga" signature="(System.Collections.Generic.IList`1&lt;T&gt;,T)" line-rate="1" branch-rate="1" complexity="NaN">
              <lines>
                <line number="197" hits="1" branch="false" />
                <line number="198" hits="1" branch="false" />
                <line number="199" hits="1" branch="false" />
              </lines>
            </method>
            <method name="bibliotecnaPretraga" signature="(System.Collections.Generic.IList`1&lt;TestiranjeSoftvera_Zadaca2.Klase.Osoba&gt;,TestiranjeSoftvera_Zadaca2.Klase.Osoba)" line-rate="1" branch-rate="1" complexity="NaN">
              <lines>
                <line number="202" hits="1" branch="false" />
                <line number="203" hits="1" branch="false" />
                <line number="204" hits="1" branch="false" />
              </lines>
            </method>
            <method name="vratiSortirano" signature="(System.Collections.Generic.IList`1&lt;TestiranjeSoftvera_Zadaca2.Klase.Osoba&gt;)" line-rate="1" branch-rate="1" complexity="NaN">
              <lines>
                <line number="208" hits="7" branch="false" />
                <line number="209" hits="77" branch="true" condition-coverage="100% (2/2)" />
                <line number="210" hits="7" branch="false" />
              </lines>
            </method>
            <method name="skokPretraga" signature="(System.Collections.Generic.IList`1&lt;T&gt;,T)" line-rate="0.909090909090909" branch-rate="0.8" complexity="NaN">
              <lines>
                <line number="215" hits="6" branch="false" />
                <line number="216" hits="6" branch="false" />
                <line number="218" hits="6" branch="false" />
                <line number="220" hits="6" branch="false" />
                <line number="222" hits="6" branch="false" />
                <line number="223" hits="45" branch="true" condition-coverage="100% (2/2)" />
                <line number="224" hits="40" branch="false" />
                <line number="225" hits="40" branch="false" />
                <line number="226" hits="40" branch="false" />
                <line number="227" hits="40" branch="true" condition-coverage="100% (2/2)" />
                <line number="228" hits="1" branch="false" />
                <line number="229" hits="39" branch="false" />
                <line number="231" hits="27" branch="true" condition-coverage="100% (2/2)" />
                <line number="232" hits="22" branch="false" />
                <line number="233" hits="22" branch="false" />
                <line number="235" hits="22" branch="true" condition-coverage="50% (1/2)" />
                <line number="236" hits="0" branch="false" />
                <line number="237" hits="22" branch="false" />
                <line number="239" hits="5" branch="true" condition-coverage="50% (1/2)" />
                <line number="240" hits="5" branch="false" />
                <line number="242" hits="0" branch="false" />
                <line number="243" hits="6" branch="false" />
              </lines>
            </method>
            <method name="skokPretraga" signature="(System.Collections.Generic.IList`1&lt;TestiranjeSoftvera_Zadaca2.Klase.Osoba&gt;,TestiranjeSoftvera_Zadaca2.Klase.Osoba)" line-rate="0.454545454545455" branch-rate="0.3" complexity="NaN">
              <lines>
                <line number="247" hits="1" branch="false" />
                <line number="248" hits="1" branch="false" />
                <line number="250" hits="1" branch="false" />
                <line number="252" hits="1" branch="false" />
                <line number="254" hits="1" branch="false" />
                <line number="255" hits="1" branch="true" condition-coverage="50% (1/2)" />
                <line number="256" hits="0" branch="false" />
                <line number="257" hits="0" branch="false" />
                <line number="258" hits="0" branch="false" />
                <line number="259" hits="0" branch="true" condition-coverage="0% (0/2)" />
                <line number="260" hits="0" branch="false" />
                <line number="261" hits="0" branch="false" />
                <line number="263" hits="1" branch="true" condition-coverage="50% (1/2)" />
                <line number="264" hits="0" branch="false" />
                <line number="265" hits="0" branch="false" />
                <line number="267" hits="0" branch="true" condition-coverage="0% (0/2)" />
                <line number="268" hits="0" branch="false" />
                <line number="269" hits="0" branch="false" />
                <line number="271" hits="1" branch="true" condition-coverage="50% (1/2)" />
                <line number="272" hits="1" branch="false" />
                <line number="274" hits="0" branch="false" />
                <line number="275" hits="1" branch="false" />
              </lines>
            </method>
            <method name="bogoPretraga" signature="(System.Collections.Generic.IList`1&lt;T&gt;,T)" line-rate="1" branch-rate="0.75" complexity="NaN">
              <lines>
                <line number="278" hits="1" branch="false" />
                <line number="279" hits="1" branch="false" />
                <line number="280" hits="1" branch="false" />
                <line number="281" hits="1" branch="false" />
                <line number="282" hits="4" branch="false" />
                <line number="283" hits="4" branch="false" />
                <line number="284" hits="4" branch="false" />
                <line number="285" hits="4" branch="true" condition-coverage="50% (1/2)" />
                <line number="286" hits="4" branch="false" />
                <line number="287" hits="4" branch="false" />
                <line number="288" hits="4" branch="true" condition-coverage="100% (2/2)" />
                <line number="289" hits="1" branch="false" />
                <line number="290" hits="1" branch="false" />
                <line number="292" hits="3" branch="false" />
                <line number="293" hits="1" branch="false" />
              </lines>
            </method>
            <method name="bogoPretraga" signature="(System.Collections.Generic.IList`1&lt;TestiranjeSoftvera_Zadaca2.Klase.Osoba&gt;,TestiranjeSoftvera_Zadaca2.Klase.Osoba)" line-rate="0.933333333333333" branch-rate="0.5" complexity="NaN">
              <lines>
                <line number="296" hits="1" branch="false" />
                <line number="297" hits="1" branch="false" />
                <line number="298" hits="1" branch="false" />
                <line number="299" hits="1" branch="false" />
                <line number="300" hits="1" branch="false" />
                <line number="301" hits="1" branch="false" />
                <line number="302" hits="1" branch="false" />
                <line number="303" hits="1" branch="true" condition-coverage="50% (1/2)" />
                <line number="304" hits="1" branch="false" />
                <line number="305" hits="1" branch="false" />
                <line number="306" hits="1" branch="true" condition-coverage="50% (1/2)" />
                <line number="307" hits="1" branch="false" />
                <line number="308" hits="1" branch="false" />
                <line number="310" hits="0" branch="false" />
                <line number="311" hits="1" branch="false" />
              </lines>
            </method>
            <method name="eksponencijalnaPretraga" signature="(System.Collections.Generic.IList`1&lt;T&gt;,T)" line-rate="1" branch-rate="1" complexity="NaN">
              <lines>
                <line number="316" hits="6" branch="false" />
                <line number="317" hits="6" branch="false" />
                <line number="318" hits="7" branch="true" condition-coverage="100% (2/2)" />
                <line number="320" hits="5" branch="false" />
                <line number="321" hits="37" branch="true" condition-coverage="100% (4/4)" />
                <line number="322" hits="32" branch="false" />
                <line number="324" hits="5" branch="false" />
                <line number="325" hits="6" branch="false" />
              </lines>
            </method>
            <method name="eksponencijalnaPretraga" signature="(System.Collections.Generic.IList`1&lt;TestiranjeSoftvera_Zadaca2.Klase.Osoba&gt;,TestiranjeSoftvera_Zadaca2.Klase.Osoba)" line-rate="0.555555555555556" branch-rate="0.166666666666667" complexity="NaN">
              <lines>
                <line number="329" hits="1" branch="false" />
                <line number="330" hits="1" branch="false" />
                <line number="331" hits="1" branch="false" />
                <line number="332" hits="2" branch="true" condition-coverage="50% (1/2)" />
                <line number="334" hits="0" branch="false" />
                <line number="335" hits="0" branch="true" condition-coverage="0% (0/4)" />
                <line number="336" hits="0" branch="false" />
                <line number="338" hits="0" branch="false" />
                <line number="339" hits="1" branch="false" />
              </lines>
            </method>
            <method name="pomocna" signature="(System.Collections.Generic.IList`1&lt;T&gt;,System.Int32,System.Int32,T)" line-rate="1" branch-rate="1" complexity="NaN">
              <lines>
                <line number="342" hits="57" branch="false" />
                <line number="343" hits="57" branch="true" condition-coverage="100% (2/2)" />
                <line number="344" hits="55" branch="false" />
                <line number="345" hits="55" branch="false" />
                <line number="347" hits="55" branch="true" condition-coverage="100% (2/2)" />
                <line number="348" hits="11" branch="false" />
                <line number="350" hits="44" branch="true" condition-coverage="100% (2/2)" />
                <line number="351" hits="12" branch="false" />
                <line number="353" hits="32" branch="false" />
                <line number="356" hits="2" branch="false" />
                <line number="357" hits="57" branch="false" />
              </lines>
            </method>
            <method name="min" signature="(System.Int32,System.Int32)" line-rate="1" branch-rate="1" complexity="NaN">
              <lines>
                <line number="361" hits="34" branch="false" />
                <line number="362" hits="34" branch="true" condition-coverage="100% (2/2)" />
                <line number="363" hits="34" branch="false" />
              </lines>
            </method>
            <method name="ternarnaPretraga" signature="(System.Collections.Generic.IList`1&lt;T&gt;,T)" line-rate="1" branch-rate="1" complexity="NaN">
              <lines>
                <line number="367" hits="1" branch="false" />
                <line number="369" hits="1" branch="false" />
                <line number="370" hits="1" branch="false" />
              </lines>
            </method>
            <method name="pomocnaZaTernarnu" signature="(System.Collections.Generic.IList`1&lt;T&gt;,T,System.Int32,System.Int32)" line-rate="0.705882352941177" branch-rate="0.6" complexity="NaN">
              <lines>
                <line number="373" hits="4" branch="false" />
                <line number="374" hits="4" branch="true" condition-coverage="50% (1/2)" />
                <line number="375" hits="4" branch="false" />
                <line number="377" hits="4" branch="false" />
                <line number="378" hits="4" branch="false" />
                <line number="381" hits="6" branch="true" condition-coverage="100% (2/2)" />
                <line number="382" hits="2" branch="true" condition-coverage="50% (1/2)" />
                <line number="384" hits="2" branch="true" condition-coverage="50% (1/2)" />
                <line number="385" hits="0" branch="false" />
                <line number="387" hits="0" branch="false" />
                <line number="389" hits="2" branch="true" condition-coverage="50% (1/2)" />
                <line number="390" hits="0" branch="false" />
                <line number="393" hits="0" branch="false" />
                <line number="396" hits="2" branch="false" />
                <line number="398" hits="2" branch="false" />
                <line number="402" hits="0" branch="false" />
                <line number="403" hits="4" branch="false" />
              </lines>
            </method>
            <method name="ternarnaPretraga" signature="(System.Collections.Generic.IList`1&lt;TestiranjeSoftvera_Zadaca2.Klase.Osoba&gt;,TestiranjeSoftvera_Zadaca2.Klase.Osoba)" line-rate="1" branch-rate="1" complexity="NaN">
              <lines>
                <line number="407" hits="1" branch="false" />
                <line number="408" hits="1" branch="false" />
                <line number="409" hits="1" branch="false" />
                <line number="410" hits="1" branch="false" />
              </lines>
            </method>
            <method name="pomocnaZaTernarnu" signature="(System.Collections.Generic.IList`1&lt;TestiranjeSoftvera_Zadaca2.Klase.Osoba&gt;,TestiranjeSoftvera_Zadaca2.Klase.Osoba,System.Int32,System.Int32)" line-rate="0.411764705882353" branch-rate="0.2" complexity="NaN">
              <lines>
                <line number="413" hits="2" branch="false" />
                <line number="414" hits="2" branch="true" condition-coverage="50% (1/2)" />
                <line number="415" hits="2" branch="false" />
                <line number="417" hits="2" branch="false" />
                <line number="418" hits="2" branch="false" />
                <line number="421" hits="4" branch="true" condition-coverage="50% (1/2)" />
                <line number="422" hits="0" branch="true" condition-coverage="0% (0/2)" />
                <line number="425" hits="0" branch="true" condition-coverage="0% (0/2)" />
                <line number="426" hits="0" branch="false" />
                <line number="428" hits="0" branch="false" />
                <line number="430" hits="0" branch="true" condition-coverage="0% (0/2)" />
                <line number="431" hits="0" branch="false" />
                <line number="434" hits="0" branch="false" />
                <line number="437" hits="0" branch="false" />
                <line number="439" hits="0" branch="false" />
                <line number="443" hits="0" branch="false" />
                <line number="444" hits="2" branch="false" />
              </lines>
            </method>
          </methods>
          <lines>
            <line number="18" hits="6" branch="false" />
            <line number="20" hits="6" branch="false" />
            <line number="21" hits="1508" branch="true" condition-coverage="100% (2/2)" />
            <line number="22" hits="753" branch="false" />
            <line number="23" hits="753" branch="true" condition-coverage="100% (2/2)" />
            <line number="24" hits="5" branch="false" />
            <line number="25" hits="748" branch="false" />
            <line number="26" hits="1" branch="false" />
            <line number="27" hits="6" branch="false" />
            <line number="30" hits="1" branch="false" />
            <line number="32" hits="1" branch="false" />
            <line number="33" hits="2" branch="true" condition-coverage="50% (1/2)" />
            <line number="34" hits="1" branch="false" />
            <line number="35" hits="1" branch="true" condition-coverage="50% (1/2)" />
            <line number="36" hits="1" branch="false" />
            <line number="37" hits="0" branch="false" />
            <line number="38" hits="0" branch="false" />
            <line number="39" hits="1" branch="false" />
            <line number="44" hits="6" branch="false" />
            <line number="45" hits="6" branch="false" />
            <line number="46" hits="6" branch="false" />
            <line number="47" hits="6" branch="false" />
            <line number="49" hits="66" branch="true" condition-coverage="100% (2/2)" />
            <line number="50" hits="60" branch="false" />
            <line number="51" hits="60" branch="false" />
            <line number="52" hits="60" branch="false" />
            <line number="53" hits="60" branch="false" />
            <line number="54" hits="60" branch="false" />
            <line number="56" hits="6" branch="false" />
            <line number="58" hits="33" branch="true" condition-coverage="100% (2/2)" />
            <line number="59" hits="32" branch="false" />
            <line number="60" hits="32" branch="false" />
            <line number="61" hits="32" branch="true" condition-coverage="100% (2/2)" />
            <line number="62" hits="20" branch="false" />
            <line number="63" hits="20" branch="false" />
            <line number="64" hits="20" branch="false" />
            <line number="65" hits="20" branch="false" />
            <line number="66" hits="20" branch="false" />
            <line number="67" hits="20" branch="false" />
            <line number="69" hits="12" branch="true" condition-coverage="100% (2/2)" />
            <line number="70" hits="7" branch="false" />
            <line number="71" hits="7" branch="false" />
            <line number="72" hits="7" branch="false" />
            <line number="73" hits="7" branch="false" />
            <line number="74" hits="7" branch="false" />
            <line number="76" hits="5" branch="false" />
            <line number="77" hits="27" branch="false" />
            <line number="78" hits="1" branch="true" condition-coverage="50% (2/4)" />
            <line number="79" hits="0" branch="false" />
            <line number="81" hits="1" branch="false" />
            <line number="82" hits="6" branch="false" />
            <line number="85" hits="1" branch="false" />
            <line number="86" hits="1" branch="false" />
            <line number="89" hits="1" branch="false" />
            <line number="90" hits="1" branch="false" />
            <line number="91" hits="1" branch="false" />
            <line number="93" hits="6" branch="true" condition-coverage="100% (2/2)" />
            <line number="94" hits="5" branch="false" />
            <line number="95" hits="5" branch="false" />
            <line number="96" hits="5" branch="false" />
            <line number="97" hits="5" branch="false" />
            <line number="98" hits="5" branch="false" />
            <line number="100" hits="1" branch="false" />
            <line number="102" hits="1" branch="true" condition-coverage="50% (1/2)" />
            <line number="103" hits="1" branch="false" />
            <line number="104" hits="1" branch="false" />
            <line number="105" hits="1" branch="true" condition-coverage="50% (1/2)" />
            <line number="106" hits="0" branch="false" />
            <line number="107" hits="0" branch="false" />
            <line number="108" hits="0" branch="false" />
            <line number="109" hits="0" branch="false" />
            <line number="110" hits="0" branch="false" />
            <line number="111" hits="0" branch="false" />
            <line number="113" hits="1" branch="true" condition-coverage="50% (1/2)" />
            <line number="114" hits="0" branch="false" />
            <line number="115" hits="0" branch="false" />
            <line number="116" hits="0" branch="false" />
            <line number="117" hits="0" branch="false" />
            <line number="118" hits="0" branch="false" />
            <line number="120" hits="1" branch="false" />
            <line number="121" hits="0" branch="false" />
            <line number="122" hits="0" branch="true" condition-coverage="0% (0/4)" />
            <line number="123" hits="0" branch="false" />
            <line number="125" hits="0" branch="false" />
            <line number="126" hits="1" branch="false" />
            <line number="131" hits="6" branch="false" />
            <line number="133" hits="6" branch="false" />
            <line number="134" hits="6" branch="false" />
            <line number="137" hits="1" branch="false" />
            <line number="138" hits="1" branch="false" />
            <line number="139" hits="1" branch="false" />
            <line number="140" hits="1" branch="false" />
            <line number="145" hits="6" branch="false" />
            <line number="147" hits="6" branch="false" />
            <line number="148" hits="6" branch="false" />
            <line number="151" hits="41" branch="true" condition-coverage="100% (2/2)" />
            <line number="152" hits="35" branch="false" />
            <line number="153" hits="35" branch="false" />
            <line number="154" hits="35" branch="true" condition-coverage="100% (2/2)" />
            <line number="155" hits="26" branch="false" />
            <line number="156" hits="26" branch="false" />
            <line number="157" hits="26" branch="false" />
            <line number="159" hits="9" branch="false" />
            <line number="160" hits="9" branch="false" />
            <line number="161" hits="9" branch="false" />
            <line number="162" hits="35" branch="false" />
            <line number="163" hits="6" branch="true" condition-coverage="100% (2/2)" />
            <line number="164" hits="4" branch="false" />
            <line number="165" hits="2" branch="true" condition-coverage="100% (2/2)" />
            <line number="166" hits="1" branch="false" />
            <line number="167" hits="1" branch="false" />
            <line number="168" hits="6" branch="false" />
            <line number="172" hits="1" branch="false" />
            <line number="173" hits="1" branch="false" />
            <line number="175" hits="1" branch="false" />
            <line number="176" hits="1" branch="false" />
            <line number="177" hits="1" branch="true" condition-coverage="50% (1/2)" />
            <line number="178" hits="1" branch="false" />
            <line number="179" hits="1" branch="false" />
            <line number="180" hits="1" branch="true" condition-coverage="50% (1/2)" />
            <line number="181" hits="1" branch="false" />
            <line number="182" hits="1" branch="false" />
            <line number="184" hits="0" branch="true" condition-coverage="0% (0/2)" />
            <line number="185" hits="0" branch="false" />
            <line number="186" hits="0" branch="false" />
            <line number="187" hits="0" branch="false" />
            <line number="189" hits="0" branch="false" />
            <line number="190" hits="0" branch="false" />
            <line number="191" hits="0" branch="false" />
            <line number="192" hits="0" branch="false" />
            <line number="193" hits="0" branch="false" />
            <line number="194" hits="1" branch="false" />
            <line number="197" hits="1" branch="false" />
            <line number="198" hits="1" branch="false" />
            <line number="199" hits="1" branch="false" />
            <line number="202" hits="1" branch="false" />
            <line number="203" hits="1" branch="false" />
            <line number="204" hits="1" branch="false" />
            <line number="208" hits="7" branch="false" />
            <line number="209" hits="77" branch="true" condition-coverage="100% (2/2)" />
            <line number="210" hits="7" branch="false" />
            <line number="215" hits="6" branch="false" />
            <line number="216" hits="6" branch="false" />
            <line number="218" hits="6" branch="false" />
            <line number="220" hits="6" branch="false" />
            <line number="222" hits="6" branch="false" />
            <line number="223" hits="45" branch="true" condition-coverage="100% (2/2)" />
            <line number="224" hits="40" branch="false" />
            <line number="225" hits="40" branch="false" />
            <line number="226" hits="40" branch="false" />
            <line number="227" hits="40" branch="true" condition-coverage="100% (2/2)" />
            <line number="228" hits="1" branch="false" />
            <line number="229" hits="39" branch="false" />
            <line number="231" hits="27" branch="true" condition-coverage="100% (2/2)" />
            <line number="232" hits="22" branch="false" />
            <line number="233" hits="22" branch="false" />
            <line number="235" hits="22" branch="true" condition-coverage="50% (1/2)" />
            <line number="236" hits="0" branch="false" />
            <line number="237" hits="22" branch="false" />
            <line number="239" hits="5" branch="true" condition-coverage="50% (1/2)" />
            <line number="240" hits="5" branch="false" />
            <line number="242" hits="0" branch="false" />
            <line number="243" hits="6" branch="false" />
            <line number="247" hits="1" branch="false" />
            <line number="248" hits="1" branch="false" />
            <line number="250" hits="1" branch="false" />
            <line number="252" hits="1" branch="false" />
            <line number="254" hits="1" branch="false" />
            <line number="255" hits="1" branch="true" condition-coverage="50% (1/2)" />
            <line number="256" hits="0" branch="false" />
            <line number="257" hits="0" branch="false" />
            <line number="258" hits="0" branch="false" />
            <line number="259" hits="0" branch="true" condition-coverage="0% (0/2)" />
            <line number="260" hits="0" branch="false" />
            <line number="261" hits="0" branch="false" />
            <line number="263" hits="1" branch="true" condition-coverage="50% (1/2)" />
            <line number="264" hits="0" branch="false" />
            <line number="265" hits="0" branch="false" />
            <line number="267" hits="0" branch="true" condition-coverage="0% (0/2)" />
            <line number="268" hits="0" branch="false" />
            <line number="269" hits="0" branch="false" />
            <line number="271" hits="1" branch="true" condition-coverage="50% (1/2)" />
            <line number="272" hits="1" branch="false" />
            <line number="274" hits="0" branch="false" />
            <line number="275" hits="1" branch="false" />
            <line number="278" hits="1" branch="false" />
            <line number="279" hits="1" branch="false" />
            <line number="280" hits="1" branch="false" />
            <line number="281" hits="1" branch="false" />
            <line number="282" hits="4" branch="false" />
            <line number="283" hits="4" branch="false" />
            <line number="284" hits="4" branch="false" />
            <line number="285" hits="4" branch="true" condition-coverage="50% (1/2)" />
            <line number="286" hits="4" branch="false" />
            <line number="287" hits="4" branch="false" />
            <line number="288" hits="4" branch="true" condition-coverage="100% (2/2)" />
            <line number="289" hits="1" branch="false" />
            <line number="290" hits="1" branch="false" />
            <line number="292" hits="3" branch="false" />
            <line number="293" hits="1" branch="false" />
            <line number="296" hits="1" branch="false" />
            <line number="297" hits="1" branch="false" />
            <line number="298" hits="1" branch="false" />
            <line number="299" hits="1" branch="false" />
            <line number="300" hits="1" branch="false" />
            <line number="301" hits="1" branch="false" />
            <line number="302" hits="1" branch="false" />
            <line number="303" hits="1" branch="true" condition-coverage="50% (1/2)" />
            <line number="304" hits="1" branch="false" />
            <line number="305" hits="1" branch="false" />
            <line number="306" hits="1" branch="true" condition-coverage="50% (1/2)" />
            <line number="307" hits="1" branch="false" />
            <line number="308" hits="1" branch="false" />
            <line number="310" hits="0" branch="false" />
            <line number="311" hits="1" branch="false" />
            <line number="316" hits="6" branch="false" />
            <line number="317" hits="6" branch="false" />
            <line number="318" hits="7" branch="true" condition-coverage="100% (2/2)" />
            <line number="320" hits="5" branch="false" />
            <line number="321" hits="37" branch="true" condition-coverage="100% (4/4)" />
            <line number="322" hits="32" branch="false" />
            <line number="324" hits="5" branch="false" />
            <line number="325" hits="6" branch="false" />
            <line number="329" hits="1" branch="false" />
            <line number="330" hits="1" branch="false" />
            <line number="331" hits="1" branch="false" />
            <line number="332" hits="2" branch="true" condition-coverage="50% (1/2)" />
            <line number="334" hits="0" branch="false" />
            <line number="335" hits="0" branch="true" condition-coverage="0% (0/4)" />
            <line number="336" hits="0" branch="false" />
            <line number="338" hits="0" branch="false" />
            <line number="339" hits="1" branch="false" />
            <line number="342" hits="57" branch="false" />
            <line number="343" hits="57" branch="true" condition-coverage="100% (2/2)" />
            <line number="344" hits="55" branch="false" />
            <line number="345" hits="55" branch="false" />
            <line number="347" hits="55" branch="true" condition-coverage="100% (2/2)" />
            <line number="348" hits="11" branch="false" />
            <line number="350" hits="44" branch="true" condition-coverage="100% (2/2)" />
            <line number="351" hits="12" branch="false" />
            <line number="353" hits="32" branch="false" />
            <line number="356" hits="2" branch="false" />
            <line number="357" hits="57" branch="false" />
            <line number="361" hits="34" branch="false" />
            <line number="362" hits="34" branch="true" condition-coverage="100% (2/2)" />
            <line number="363" hits="34" branch="false" />
            <line number="367" hits="1" branch="false" />
            <line number="369" hits="1" branch="false" />
            <line number="370" hits="1" branch="false" />
            <line number="373" hits="4" branch="false" />
            <line number="374" hits="4" branch="true" condition-coverage="50% (1/2)" />
            <line number="375" hits="4" branch="false" />
            <line number="377" hits="4" branch="false" />
            <line number="378" hits="4" branch="false" />
            <line number="381" hits="6" branch="true" condition-coverage="100% (2/2)" />
            <line number="382" hits="2" branch="true" condition-coverage="50% (1/2)" />
            <line number="384" hits="2" branch="true" condition-coverage="50% (1/2)" />
            <line number="385" hits="0" branch="false" />
            <line number="387" hits="0" branch="false" />
            <line number="389" hits="2" branch="true" condition-coverage="50% (1/2)" />
            <line number="390" hits="0" branch="false" />
            <line number="393" hits="0" branch="false" />
            <line number="396" hits="2" branch="false" />
            <line number="398" hits="2" branch="false" />
            <line number="402" hits="0" branch="false" />
            <line number="403" hits="4" branch="false" />
            <line number="407" hits="1" branch="false" />
            <line number="408" hits="1" branch="false" />
            <line number="409" hits="1" branch="false" />
            <line number="410" hits="1" branch="false" />
            <line number="413" hits="2" branch="false" />
            <line number="414" hits="2" branch="true" condition-coverage="50% (1/2)" />
            <line number="415" hits="2" branch="false" />
            <line number="417" hits="2" branch="false" />
            <line number="418" hits="2" branch="false" />
            <line number="421" hits="4" branch="true" condition-coverage="50% (1/2)" />
            <line number="422" hits="0" branch="true" condition-coverage="0% (0/2)" />
            <line number="425" hits="0" branch="true" condition-coverage="0% (0/2)" />
            <line number="426" hits="0" branch="false" />
            <line number="428" hits="0" branch="false" />
            <line number="430" hits="0" branch="true" condition-coverage="0% (0/2)" />
            <line number="431" hits="0" branch="false" />
            <line number="434" hits="0" branch="false" />
            <line number="437" hits="0" branch="false" />
            <line number="439" hits="0" branch="false" />
            <line number="443" hits="0" branch="false" />
            <line number="444" hits="2" branch="false" />
          </lines>
        </class>
        <class name="TestiranjeSoftvera_Zadaca2.Klase.Osoba" filename="C:\Users\fatal\OneDrive\Desktop\ETF-RS-1-GODINA-1-SEMESTAR\3. Semestar\TS\Zadace\Zadaca2\TestiranjeSoftvera-Zadaca2\Klase\Osoba.cs" line-rate="0.938775510204082" branch-rate="1" complexity="1">
          <methods>
            <method name="ime" signature="()" line-rate="1" branch-rate="1" complexity="NaN">
              <lines>
                <line number="11" hits="120" branch="false" />
              </lines>
            </method>
            <method name="ime" signature="(System.String)" line-rate="1" branch-rate="1" complexity="NaN">
              <lines>
                <line number="11" hits="120" branch="false" />
              </lines>
            </method>
            <method name="prezime" signature="()" line-rate="1" branch-rate="1" complexity="NaN">
              <lines>
                <line number="12" hits="120" branch="false" />
              </lines>
            </method>
            <method name="prezime" signature="(System.String)" line-rate="1" branch-rate="1" complexity="NaN">
              <lines>
                <line number="12" hits="120" branch="false" />
              </lines>
            </method>
            <method name="visina" signature="()" line-rate="1" branch-rate="1" complexity="NaN">
              <lines>
                <line number="13" hits="120" branch="false" />
              </lines>
            </method>
            <method name="visina" signature="(System.Int32)" line-rate="1" branch-rate="1" complexity="NaN">
              <lines>
                <line number="13" hits="120" branch="false" />
              </lines>
            </method>
            <method name="tezina" signature="()" line-rate="1" branch-rate="1" complexity="NaN">
              <lines>
                <line number="14" hits="120" branch="false" />
              </lines>
            </method>
            <method name="tezina" signature="(System.Int32)" line-rate="1" branch-rate="1" complexity="NaN">
              <lines>
                <line number="14" hits="120" branch="false" />
              </lines>
            </method>
            <method name="JMBG" signature="()" line-rate="1" branch-rate="1" complexity="NaN">
              <lines>
                <line number="15" hits="280" branch="false" />
              </lines>
            </method>
            <method name="JMBG" signature="(System.UInt32)" line-rate="1" branch-rate="1" complexity="NaN">
              <lines>
                <line number="15" hits="280" branch="false" />
              </lines>
            </method>
            <method name="datum_rodenja" signature="()" line-rate="1" branch-rate="1" complexity="NaN">
              <lines>
                <line number="16" hits="120" branch="false" />
              </lines>
            </method>
            <method name="datum_rodenja" signature="(System.DateTime)" line-rate="1" branch-rate="1" complexity="NaN">
              <lines>
                <line number="16" hits="120" branch="false" />
              </lines>
            </method>
            <method name=".ctor" signature="(System.String,System.String,System.Int32,System.Int32,System.UInt32,System.DateTime)" line-rate="1" branch-rate="1" complexity="NaN">
              <lines>
                <line number="18" hits="120" branch="false" />
                <line number="19" hits="120" branch="false" />
                <line number="20" hits="120" branch="false" />
                <line number="21" hits="120" branch="false" />
                <line number="22" hits="120" branch="false" />
                <line number="23" hits="120" branch="false" />
                <line number="24" hits="120" branch="false" />
                <line number="25" hits="120" branch="false" />
                <line number="26" hits="120" branch="false" />
              </lines>
            </method>
            <method name="op_Equality" signature="(TestiranjeSoftvera_Zadaca2.Klase.Osoba,TestiranjeSoftvera_Zadaca2.Klase.Osoba)" line-rate="1" branch-rate="1" complexity="NaN">
              <lines>
                <line number="29" hits="12" branch="false" />
                <line number="30" hits="12" branch="false" />
                <line number="31" hits="12" branch="false" />
              </lines>
            </method>
            <method name="op_GreaterThan" signature="(TestiranjeSoftvera_Zadaca2.Klase.Osoba,TestiranjeSoftvera_Zadaca2.Klase.Osoba)" line-rate="1" branch-rate="1" complexity="NaN">
              <lines>
                <line number="34" hits="5" branch="false" />
                <line number="35" hits="5" branch="false" />
                <line number="36" hits="5" branch="false" />
              </lines>
            </method>
            <method name="op_GreaterThanOrEqual" signature="(TestiranjeSoftvera_Zadaca2.Klase.Osoba,TestiranjeSoftvera_Zadaca2.Klase.Osoba)" line-rate="1" branch-rate="1" complexity="NaN">
              <lines>
                <line number="39" hits="5" branch="false" />
                <line number="40" hits="5" branch="false" />
                <line number="41" hits="5" branch="false" />
              </lines>
            </method>
            <method name="op_LessThan" signature="(TestiranjeSoftvera_Zadaca2.Klase.Osoba,TestiranjeSoftvera_Zadaca2.Klase.Osoba)" line-rate="1" branch-rate="1" complexity="NaN">
              <lines>
                <line number="44" hits="5" branch="false" />
                <line number="45" hits="5" branch="false" />
                <line number="46" hits="5" branch="false" />
              </lines>
            </method>
            <method name="op_LessThanOrEqual" signature="(TestiranjeSoftvera_Zadaca2.Klase.Osoba,TestiranjeSoftvera_Zadaca2.Klase.Osoba)" line-rate="1" branch-rate="1" complexity="NaN">
              <lines>
                <line number="49" hits="5" branch="false" />
                <line number="50" hits="5" branch="false" />
                <line number="51" hits="5" branch="false" />
              </lines>
            </method>
            <method name="op_Inequality" signature="(TestiranjeSoftvera_Zadaca2.Klase.Osoba,TestiranjeSoftvera_Zadaca2.Klase.Osoba)" line-rate="0" branch-rate="1" complexity="NaN">
              <lines>
                <line number="54" hits="0" branch="false" />
                <line number="55" hits="0" branch="false" />
                <line number="56" hits="0" branch="false" />
              </lines>
            </method>
            <method name="CompareTo" signature="(TestiranjeSoftvera_Zadaca2.Klase.Osoba)" line-rate="1" branch-rate="1" complexity="NaN">
              <lines>
                <line number="58" hits="4" branch="false" />
                <line number="59" hits="4" branch="false" />
                <line number="60" hits="4" branch="false" />
              </lines>
            </method>
            <method name="DajRandomString" signature="(System.Int32)" line-rate="1" branch-rate="1" complexity="NaN">
              <lines>
                <line number="63" hits="220" branch="false" />
                <line number="64" hits="220" branch="false" />
                <line number="66" hits="220" branch="false" />
                <line number="67" hits="2640" branch="true" condition-coverage="100% (2/2)" />
                <line number="68" hits="1100" branch="false" />
                <line number="69" hits="1100" branch="false" />
                <line number="70" hits="1100" branch="false" />
                <line number="71" hits="220" branch="false" />
                <line number="72" hits="220" branch="false" />
              </lines>
            </method>
            <method name="DajRandomOsobu" signature="()" line-rate="1" branch-rate="1" complexity="1">
              <lines>
                <line number="75" hits="110" branch="false" />
                <line number="76" hits="110" branch="false" />
                <line number="77" hits="110" branch="false" />
                <line number="78" hits="110" branch="false" />
              </lines>
            </method>
          </methods>
          <lines>
            <line number="11" hits="120" branch="false" />
            <line number="12" hits="120" branch="false" />
            <line number="13" hits="120" branch="false" />
            <line number="14" hits="120" branch="false" />
            <line number="15" hits="280" branch="false" />
            <line number="16" hits="120" branch="false" />
            <line number="18" hits="120" branch="false" />
            <line number="19" hits="120" branch="false" />
            <line number="20" hits="120" branch="false" />
            <line number="21" hits="120" branch="false" />
            <line number="22" hits="120" branch="false" />
            <line number="23" hits="120" branch="false" />
            <line number="24" hits="120" branch="false" />
            <line number="25" hits="120" branch="false" />
            <line number="26" hits="120" branch="false" />
            <line number="29" hits="12" branch="false" />
            <line number="30" hits="12" branch="false" />
            <line number="31" hits="12" branch="false" />
            <line number="34" hits="5" branch="false" />
            <line number="35" hits="5" branch="false" />
            <line number="36" hits="5" branch="false" />
            <line number="39" hits="5" branch="false" />
            <line number="40" hits="5" branch="false" />
            <line number="41" hits="5" branch="false" />
            <line number="44" hits="5" branch="false" />
            <line number="45" hits="5" branch="false" />
            <line number="46" hits="5" branch="false" />
            <line number="49" hits="5" branch="false" />
            <line number="50" hits="5" branch="false" />
            <line number="51" hits="5" branch="false" />
            <line number="54" hits="0" branch="false" />
            <line number="55" hits="0" branch="false" />
            <line number="56" hits="0" branch="false" />
            <line number="58" hits="4" branch="false" />
            <line number="59" hits="4" branch="false" />
            <line number="60" hits="4" branch="false" />
            <line number="63" hits="220" branch="false" />
            <line number="64" hits="220" branch="false" />
            <line number="66" hits="220" branch="false" />
            <line number="67" hits="2640" branch="true" condition-coverage="100% (2/2)" />
            <line number="68" hits="1100" branch="false" />
            <line number="69" hits="1100" branch="false" />
            <line number="70" hits="1100" branch="false" />
            <line number="71" hits="220" branch="false" />
            <line number="72" hits="220" branch="false" />
            <line number="75" hits="110" branch="false" />
            <line number="76" hits="110" branch="false" />
            <line number="77" hits="110" branch="false" />
            <line number="78" hits="110" branch="false" />
          </lines>
        </class>
        <class name="Zadaca2.main" filename="C:\Users\fatal\OneDrive\Desktop\ETF-RS-1-GODINA-1-SEMESTAR\3. Semestar\TS\Zadace\Zadaca2\TestiranjeSoftvera-Zadaca2\main.cs" line-rate="0.13941018766756" branch-rate="0.0729166666666667" complexity="34">
          <methods>
            <method name="Main" signature="()" line-rate="0" branch-rate="0" complexity="3">
              <lines>
                <line number="25" hits="0" branch="false" />
                <line number="28" hits="0" branch="false" />
                <line number="30" hits="0" branch="false" />
                <line number="31" hits="0" branch="false" />
                <line number="32" hits="0" branch="true" condition-coverage="0% (0/4)" />
                <line number="35" hits="0" branch="false" />
                <line number="36" hits="0" branch="false" />
                <line number="38" hits="0" branch="false" />
                <line number="39" hits="0" branch="false" />
                <line number="41" hits="0" branch="false" />
                <line number="43" hits="0" branch="false" />
              </lines>
            </method>
            <method name="TakmicenjeAlgoritama" signature="()" line-rate="0" branch-rate="0" complexity="2">
              <lines>
                <line number="46" hits="0" branch="false" />
                <line number="47" hits="0" branch="false" />
                <line number="48" hits="0" branch="false" />
                <line number="49" hits="0" branch="false" />
                <line number="51" hits="0" branch="false" />
                <line number="52" hits="0" branch="false" />
                <line number="53" hits="0" branch="false" />
                <line number="54" hits="0" branch="false" />
                <line number="55" hits="0" branch="false" />
                <line number="56" hits="0" branch="false" />
                <line number="59" hits="0" branch="false" />
                <line number="60" hits="0" branch="false" />
                <line number="61" hits="0" branch="false" />
                <line number="62" hits="0" branch="false" />
                <line number="63" hits="0" branch="false" />
                <line number="64" hits="0" branch="false" />
                <line number="66" hits="0" branch="false" />
                <line number="67" hits="0" branch="true" condition-coverage="0% (0/2)" />
                <line number="68" hits="0" branch="false" />
                <line number="69" hits="0" branch="false" />
                <line number="70" hits="0" branch="false" />
                <line number="71" hits="0" branch="false" />
              </lines>
            </method>
            <method name="KorisnickaPretraga" signature="()" line-rate="0" branch-rate="0" complexity="29">
              <lines>
                <line number="74" hits="0" branch="false" />
                <line number="75" hits="0" branch="false" />
                <line number="76" hits="0" branch="false" />
                <line number="77" hits="0" branch="false" />
                <line number="78" hits="0" branch="false" />
                <line number="79" hits="0" branch="false" />
                <line number="80" hits="0" branch="false" />
                <line number="81" hits="0" branch="false" />
                <line number="82" hits="0" branch="false" />
                <line number="83" hits="0" branch="false" />
                <line number="84" hits="0" branch="false" />
                <line number="85" hits="0" branch="false" />
                <line number="86" hits="0" branch="false" />
                <line number="87" hits="0" branch="false" />
                <line number="88" hits="0" branch="false" />
                <line number="89" hits="0" branch="false" />
                <line number="90" hits="0" branch="false" />
                <line number="91" hits="0" branch="false" />
                <line number="92" hits="0" branch="false" />
                <line number="93" hits="0" branch="false" />
                <line number="97" hits="0" branch="true" condition-coverage="0% (0/10)" />
                <line number="100" hits="0" branch="true" condition-coverage="0% (0/4)" />
                <line number="103" hits="0" branch="false" />
                <line number="104" hits="0" branch="false" />
                <line number="106" hits="0" branch="false" />
                <line number="107" hits="0" branch="false" />
                <line number="109" hits="0" branch="false" />
                <line number="111" hits="0" branch="true" condition-coverage="0% (0/4)" />
                <line number="114" hits="0" branch="false" />
                <line number="115" hits="0" branch="false" />
                <line number="117" hits="0" branch="false" />
                <line number="118" hits="0" branch="false" />
                <line number="120" hits="0" branch="false" />
                <line number="122" hits="0" branch="true" condition-coverage="0% (0/4)" />
                <line number="125" hits="0" branch="false" />
                <line number="126" hits="0" branch="false" />
                <line number="128" hits="0" branch="false" />
                <line number="129" hits="0" branch="false" />
                <line number="131" hits="0" branch="false" />
                <line number="133" hits="0" branch="true" condition-coverage="0% (0/4)" />
                <line number="136" hits="0" branch="false" />
                <line number="137" hits="0" branch="false" />
                <line number="139" hits="0" branch="false" />
                <line number="140" hits="0" branch="false" />
                <line number="142" hits="0" branch="false" />
                <line number="144" hits="0" branch="true" condition-coverage="0% (0/4)" />
                <line number="147" hits="0" branch="false" />
                <line number="148" hits="0" branch="false" />
                <line number="150" hits="0" branch="false" />
                <line number="151" hits="0" branch="false" />
                <line number="153" hits="0" branch="false" />
                <line number="155" hits="0" branch="true" condition-coverage="0% (0/4)" />
                <line number="158" hits="0" branch="false" />
                <line number="159" hits="0" branch="false" />
                <line number="161" hits="0" branch="false" />
                <line number="162" hits="0" branch="false" />
                <line number="164" hits="0" branch="false" />
                <line number="166" hits="0" branch="true" condition-coverage="0% (0/4)" />
                <line number="169" hits="0" branch="false" />
                <line number="170" hits="0" branch="false" />
                <line number="172" hits="0" branch="false" />
                <line number="173" hits="0" branch="false" />
                <line number="175" hits="0" branch="false" />
                <line number="177" hits="0" branch="true" condition-coverage="0% (0/4)" />
                <line number="180" hits="0" branch="false" />
                <line number="181" hits="0" branch="false" />
                <line number="183" hits="0" branch="false" />
                <line number="184" hits="0" branch="false" />
                <line number="186" hits="0" branch="false" />
                <line number="188" hits="0" branch="true" condition-coverage="0% (0/4)" />
                <line number="191" hits="0" branch="false" />
                <line number="192" hits="0" branch="false" />
                <line number="194" hits="0" branch="false" />
                <line number="195" hits="0" branch="false" />
                <line number="197" hits="0" branch="false" />
                <line number="199" hits="0" branch="false" />
                <line number="201" hits="0" branch="false" />
              </lines>
            </method>
            <method name="IspisiOsobu" signature="(TestiranjeSoftvera_Zadaca2.Klase.Osoba,System.Int32)" line-rate="0" branch-rate="1" complexity="NaN">
              <lines>
                <line number="204" hits="0" branch="false" />
                <line number="205" hits="0" branch="false" />
                <line number="206" hits="0" branch="false" />
                <line number="207" hits="0" branch="false" />
              </lines>
            </method>
            <method name="OdradiZaNiz" signature="(System.Func`3&lt;System.Collections.Generic.IList`1&lt;TestiranjeSoftvera_Zadaca2.Klase.Osoba&gt;,TestiranjeSoftvera_Zadaca2.Klase.Osoba,System.Int32&gt;)" line-rate="0" branch-rate="0" complexity="NaN">
              <lines>
                <line number="210" hits="0" branch="false" />
                <line number="211" hits="0" branch="false" />
                <line number="212" hits="0" branch="false" />
                <line number="213" hits="0" branch="false" />
                <line number="214" hits="0" branch="false" />
                <line number="215" hits="0" branch="true" condition-coverage="0% (0/2)" />
                <line number="216" hits="0" branch="false" />
                <line number="217" hits="0" branch="false" />
                <line number="218" hits="0" branch="false" />
                <line number="219" hits="0" branch="false" />
                <line number="221" hits="0" branch="false" />
                <line number="222" hits="0" branch="false" />
                <line number="223" hits="0" branch="false" />
                <line number="225" hits="0" branch="false" />
                <line number="226" hits="0" branch="false" />
                <line number="227" hits="0" branch="false" />
                <line number="229" hits="0" branch="false" />
                <line number="230" hits="0" branch="false" />
                <line number="231" hits="0" branch="false" />
                <line number="233" hits="0" branch="false" />
                <line number="234" hits="0" branch="false" />
                <line number="235" hits="0" branch="false" />
                <line number="237" hits="0" branch="false" />
                <line number="238" hits="0" branch="false" />
                <line number="239" hits="0" branch="false" />
                <line number="240" hits="0" branch="false" />
                <line number="242" hits="0" branch="false" />
                <line number="243" hits="0" branch="false" />
                <line number="245" hits="0" branch="false" />
                <line number="246" hits="0" branch="false" />
                <line number="247" hits="0" branch="false" />
                <line number="248" hits="0" branch="false" />
                <line number="249" hits="0" branch="false" />
                <line number="250" hits="0" branch="true" condition-coverage="0% (0/2)" />
                <line number="251" hits="0" branch="false" />
                <line number="252" hits="0" branch="false" />
                <line number="253" hits="0" branch="false" />
                <line number="254" hits="0" branch="false" />
                <line number="256" hits="0" branch="false" />
                <line number="257" hits="0" branch="false" />
                <line number="258" hits="0" branch="false" />
                <line number="259" hits="0" branch="false" />
                <line number="261" hits="0" branch="false" />
              </lines>
            </method>
            <method name="OdradiZaListu" signature="(System.Func`3&lt;System.Collections.Generic.IList`1&lt;TestiranjeSoftvera_Zadaca2.Klase.Osoba&gt;,TestiranjeSoftvera_Zadaca2.Klase.Osoba,System.Int32&gt;)" line-rate="0" branch-rate="0" complexity="NaN">
              <lines>
                <line number="264" hits="0" branch="false" />
                <line number="265" hits="0" branch="false" />
                <line number="266" hits="0" branch="false" />
                <line number="267" hits="0" branch="false" />
                <line number="269" hits="0" branch="false" />
                <line number="271" hits="0" branch="true" condition-coverage="0% (0/2)" />
                <line number="272" hits="0" branch="false" />
                <line number="273" hits="0" branch="false" />
                <line number="275" hits="0" branch="false" />
                <line number="276" hits="0" branch="false" />
                <line number="277" hits="0" branch="false" />
                <line number="279" hits="0" branch="false" />
                <line number="280" hits="0" branch="false" />
                <line number="281" hits="0" branch="false" />
                <line number="283" hits="0" branch="false" />
                <line number="284" hits="0" branch="false" />
                <line number="285" hits="0" branch="false" />
                <line number="287" hits="0" branch="false" />
                <line number="288" hits="0" branch="false" />
                <line number="289" hits="0" branch="false" />
                <line number="291" hits="0" branch="false" />
                <line number="292" hits="0" branch="false" />
                <line number="293" hits="0" branch="false" />
                <line number="295" hits="0" branch="false" />
                <line number="296" hits="0" branch="false" />
                <line number="297" hits="0" branch="false" />
                <line number="298" hits="0" branch="false" />
                <line number="300" hits="0" branch="false" />
                <line number="301" hits="0" branch="false" />
                <line number="303" hits="0" branch="false" />
                <line number="304" hits="0" branch="false" />
                <line number="305" hits="0" branch="false" />
                <line number="306" hits="0" branch="false" />
                <line number="307" hits="0" branch="false" />
                <line number="308" hits="0" branch="true" condition-coverage="0% (0/2)" />
                <line number="309" hits="0" branch="false" />
                <line number="310" hits="0" branch="false" />
                <line number="311" hits="0" branch="false" />
                <line number="312" hits="0" branch="false" />
                <line number="314" hits="0" branch="false" />
                <line number="315" hits="0" branch="false" />
                <line number="317" hits="0" branch="false" />
                <line number="318" hits="0" branch="false" />
                <line number="319" hits="0" branch="false" />
              </lines>
            </method>
            <method name="ZapisiSveUFile" signature="(System.Collections.Generic.List`1&lt;System.Collections.Generic.List`1&lt;System.Collections.Generic.List`1&lt;System.Tuple`6&lt;System.String,System.TimeSpan,System.Int32,System.Int32,System.String,System.String&gt;&gt;&gt;&gt;)" line-rate="0" branch-rate="0" complexity="NaN">
              <lines>
                <line number="323" hits="0" branch="false" />
                <line number="324" hits="0" branch="true" condition-coverage="0% (0/2)" />
                <line number="325" hits="0" branch="false" />
                <line number="326" hits="0" branch="false" />
                <line number="327" hits="0" branch="false" />
                <line number="329" hits="0" branch="false" />
                <line number="330" hits="0" branch="true" condition-coverage="0% (0/2)" />
                <line number="331" hits="0" branch="false" />
                <line number="332" hits="0" branch="false" />
              </lines>
            </method>
            <method name="IspisiListing" signature="(System.Collections.Generic.List`1&lt;System.Collections.Generic.List`1&lt;System.Tuple`6&lt;System.String,System.TimeSpan,System.Int32,System.Int32,System.String,System.String&gt;&gt;&gt;)" line-rate="0" branch-rate="0" complexity="NaN">
              <lines>
                <line number="336" hits="0" branch="false" />
                <line number="339" hits="0" branch="true" condition-coverage="0% (0/2)" />
                <line number="340" hits="0" branch="false" />
                <line number="341" hits="0" branch="true" condition-coverage="0% (0/2)" />
                <line number="342" hits="0" branch="false" />
                <line number="344" hits="0" branch="false" />
                <line number="345" hits="0" branch="false" />
                <line number="346" hits="0" branch="false" />
                <line number="347" hits="0" branch="false" />
                <line number="348" hits="0" branch="false" />
                <line number="349" hits="0" branch="false" />
                <line number="350" hits="0" branch="false" />
                <line number="351" hits="0" branch="false" />
                <line number="352" hits="0" branch="false" />
                <line number="353" hits="0" branch="false" />
                <line number="354" hits="0" branch="false" />
              </lines>
            </method>
            <method name="ListingKomparacije" signature="(System.Int32,System.Int32,System.Boolean)" line-rate="0.615384615384615" branch-rate="0.5" complexity="NaN">
              <lines>
                <line number="358" hits="1" branch="false" />
                <line number="359" hits="1" branch="false" />
                <line number="360" hits="1" branch="false" />
                <line number="362" hits="1" branch="true" condition-coverage="50% (1/2)" />
                <line number="363" hits="1" branch="false" />
                <line number="364" hits="1" branch="false" />
                <line number="365" hits="1" branch="false" />
                <line number="366" hits="1" branch="false" />
                <line number="367" hits="1" branch="false" />
                <line number="368" hits="1" branch="false" />
                <line number="369" hits="1" branch="false" />
                <line number="370" hits="1" branch="false" />
                <line number="371" hits="1" branch="false" />
                <line number="372" hits="1" branch="false" />
                <line number="375" hits="0" branch="false" />
                <line number="376" hits="0" branch="false" />
                <line number="377" hits="0" branch="false" />
                <line number="378" hits="0" branch="false" />
                <line number="379" hits="0" branch="false" />
                <line number="380" hits="0" branch="false" />
                <line number="381" hits="0" branch="false" />
                <line number="382" hits="0" branch="false" />
                <line number="383" hits="0" branch="false" />
                <line number="384" hits="0" branch="false" />
                <line number="385" hits="1" branch="false" />
                <line number="386" hits="1" branch="false" />
              </lines>
            </method>
            <method name="DajNiz" signature="(System.Int32,System.Int32)" line-rate="1" branch-rate="1" complexity="NaN">
              <lines>
                <line number="390" hits="30" branch="false" />
                <line number="391" hits="30" branch="false" />
                <line number="392" hits="16860" branch="true" condition-coverage="100% (2/2)" />
                <line number="393" hits="8400" branch="false" />
                <line number="394" hits="8400" branch="false" />
                <line number="395" hits="8400" branch="false" />
                <line number="396" hits="8400" branch="false" />
                <line number="397" hits="30" branch="false" />
                <line number="398" hits="30" branch="false" />
              </lines>
            </method>
            <method name="DajListu" signature="(System.Int32,System.Int32)" line-rate="1" branch-rate="1" complexity="NaN">
              <lines>
                <line number="402" hits="30" branch="false" />
                <line number="403" hits="30" branch="false" />
                <line number="404" hits="16860" branch="true" condition-coverage="100% (2/2)" />
                <line number="405" hits="8400" branch="false" />
                <line number="406" hits="30" branch="false" />
                <line number="407" hits="30" branch="false" />
              </lines>
            </method>
            <method name="ZapocniKomparaciju" signature="(System.Int32,System.Int32,System.Int32,System.Boolean)" line-rate="1" branch-rate="1" complexity="NaN">
              <lines>
                <line number="411" hits="4" branch="false" />
                <line number="412" hits="4" branch="false" />
                <line number="414" hits="4" branch="false" />
                <line number="415" hits="4" branch="false" />
                <line number="416" hits="4" branch="false" />
                <line number="418" hits="4" branch="false" />
                <line number="419" hits="4" branch="false" />
                <line number="420" hits="4" branch="false" />
                <line number="422" hits="4" branch="false" />
                <line number="423" hits="4" branch="false" />
              </lines>
            </method>
            <method name="IzvrsiPretragu" signature="(System.Func`3&lt;System.Collections.Generic.IList`1&lt;System.Int32&gt;,System.Int32,System.Int32&gt;,System.Int32,System.Int32,System.Int32,System.String,System.Boolean)" line-rate="0.916666666666667" branch-rate="0.5" complexity="NaN">
              <lines>
                <line number="427" hits="30" branch="false" />
                <line number="428" hits="30" branch="false" />
                <line number="429" hits="30" branch="false" />
                <line number="431" hits="30" branch="true" condition-coverage="50% (1/2)" />
                <line number="436" hits="30" branch="false" />
                <line number="437" hits="30" branch="false" />
                <line number="438" hits="30" branch="true" condition-coverage="50% (1/2)" />
                <line number="439" hits="30" branch="false" />
                <line number="441" hits="0" branch="false" />
                <line number="442" hits="30" branch="false" />
                <line number="446" hits="30" branch="false" />
                <line number="447" hits="30" branch="false" />
              </lines>
            </method>
            <method name="ZapisiUFile" signature="(System.Collections.Generic.List`1&lt;System.Collections.Generic.List`1&lt;System.Tuple`6&lt;System.String,System.TimeSpan,System.Int32,System.Int32,System.String,System.String&gt;&gt;&gt;)" line-rate="0" branch-rate="0" complexity="NaN">
              <lines>
                <line number="452" hits="0" branch="false" />
                <line number="453" hits="0" branch="false" />
                <line number="454" hits="0" branch="false" />
                <line number="456" hits="0" branch="true" condition-coverage="0% (0/2)" />
                <line number="457" hits="0" branch="false" />
                <line number="458" hits="0" branch="true" condition-coverage="0% (0/2)" />
                <line number="459" hits="0" branch="false" />
                <line number="461" hits="0" branch="false" />
                <line number="462" hits="0" branch="false" />
                <line number="463" hits="0" branch="false" />
                <line number="464" hits="0" branch="false" />
                <line number="465" hits="0" branch="false" />
                <line number="466" hits="0" branch="false" />
                <line number="467" hits="0" branch="false" />
                <line number="468" hits="0" branch="false" />
                <line number="469" hits="0" branch="false" />
                <line number="470" hits="0" branch="false" />
                <line number="471" hits="0" branch="false" />
                <line number="472" hits="0" branch="false" />
                <line number="473" hits="0" branch="false" />
              </lines>
            </method>
            <method name="ListingKomparacijeOsoba" signature="(System.Int32)" line-rate="0" branch-rate="1" complexity="NaN">
              <lines>
                <line number="478" hits="0" branch="false" />
                <line number="479" hits="0" branch="false" />
                <line number="480" hits="0" branch="false" />
[...]
              <lines>
                <line number="372" hits="1" branch="false" />
                <line number="373" hits="1" branch="false" />
                <line number="374" hits="1" branch="false" />
                <line number="375" hits="22" branch="true" condition-coverage="100% (2/2)" />
                <line number="376" hits="10" branch="false" />
                <line number="378" hits="1" branch="false" />
                <line number="380" hits="1" branch="false" />
                <line number="382" hits="1" branch="false" />
                <line number="383" hits="1" branch="false" />
              </lines>
            </method>
            <method name="TestKlasePretrage_Pomocna" signature="()" line-rate="1" branch-rate="1" complexity="2">
              <lines>
                <line number="387" hits="1" branch="false" />
                <line number="388" hits="1" branch="false" />
                <line number="389" hits="1" branch="false" />
                <line number="390" hits="22" branch="true" condition-coverage="100% (2/2)" />
                <line number="391" hits="10" branch="false" />
                <line number="393" hits="1" branch="false" />
                <line number="395" hits="1" branch="false" />
                <line number="397" hits="1" branch="false" />
                <line number="398" hits="1" branch="false" />
              </lines>
            </method>
            <method name="TestKlasePretrage_Min" signature="()" line-rate="1" branch-rate="1" complexity="1">
              <lines>
                <line number="402" hits="1" branch="false" />
                <line number="403" hits="1" branch="false" />
                <line number="404" hits="1" branch="false" />
              </lines>
            </method>
          </methods>
          <lines>
            <line number="198" hits="1" branch="false" />
            <line number="199" hits="1" branch="false" />
            <line number="200" hits="1" branch="false" />
            <line number="201" hits="22" branch="true" condition-coverage="100% (2/2)" />
            <line number="202" hits="10" branch="false" />
            <line number="204" hits="1" branch="false" />
            <line number="206" hits="1" branch="false" />
            <line number="207" hits="1" branch="false" />
            <line number="211" hits="1" branch="false" />
            <line number="212" hits="1" branch="false" />
            <line number="213" hits="1" branch="false" />
            <line number="214" hits="22" branch="true" condition-coverage="100% (2/2)" />
            <line number="215" hits="10" branch="false" />
            <line number="217" hits="1" branch="false" />
            <line number="219" hits="1" branch="false" />
            <line number="221" hits="1" branch="false" />
            <line number="222" hits="1" branch="false" />
            <line number="226" hits="1" branch="false" />
            <line number="227" hits="1" branch="false" />
            <line number="228" hits="1" branch="false" />
            <line number="229" hits="22" branch="true" condition-coverage="100% (2/2)" />
            <line number="230" hits="10" branch="false" />
            <line number="232" hits="1" branch="false" />
            <line number="234" hits="1" branch="false" />
            <line number="236" hits="1" branch="false" />
            <line number="237" hits="1" branch="false" />
            <line number="241" hits="1" branch="false" />
            <line number="242" hits="1" branch="false" />
            <line number="243" hits="1" branch="false" />
            <line number="244" hits="22" branch="true" condition-coverage="100% (2/2)" />
            <line number="245" hits="10" branch="false" />
            <line number="247" hits="1" branch="false" />
            <line number="249" hits="1" branch="false" />
            <line number="251" hits="1" branch="false" />
            <line number="252" hits="1" branch="false" />
            <line number="256" hits="1" branch="false" />
            <line number="257" hits="1" branch="false" />
            <line number="258" hits="1" branch="false" />
            <line number="259" hits="22" branch="true" condition-coverage="100% (2/2)" />
            <line number="260" hits="10" branch="false" />
            <line number="262" hits="1" branch="false" />
            <line number="264" hits="1" branch="false" />
            <line number="266" hits="1" branch="false" />
            <line number="267" hits="1" branch="false" />
            <line number="271" hits="1" branch="false" />
            <line number="272" hits="1" branch="false" />
            <line number="273" hits="1" branch="false" />
            <line number="274" hits="22" branch="true" condition-coverage="100% (2/2)" />
            <line number="275" hits="10" branch="false" />
            <line number="277" hits="1" branch="false" />
            <line number="279" hits="1" branch="false" />
            <line number="280" hits="1" branch="false" />
            <line number="285" hits="1" branch="false" />
            <line number="286" hits="1" branch="false" />
            <line number="287" hits="1" branch="false" />
            <line number="288" hits="22" branch="true" condition-coverage="100% (2/2)" />
            <line number="289" hits="10" branch="false" />
            <line number="291" hits="1" branch="false" />
            <line number="293" hits="1" branch="false" />
            <line number="295" hits="1" branch="false" />
            <line number="296" hits="1" branch="false" />
            <line number="301" hits="1" branch="false" />
            <line number="302" hits="1" branch="false" />
            <line number="303" hits="1" branch="false" />
            <line number="304" hits="22" branch="true" condition-coverage="100% (2/2)" />
            <line number="305" hits="10" branch="false" />
            <line number="307" hits="1" branch="false" />
            <line number="309" hits="1" branch="false" />
            <line number="311" hits="1" branch="false" />
            <line number="312" hits="1" branch="false" />
            <line number="316" hits="1" branch="false" />
            <line number="317" hits="1" branch="false" />
            <line number="318" hits="1" branch="false" />
            <line number="320" hits="1" branch="false" />
            <line number="321" hits="1" branch="false" />
            <line number="322" hits="1" branch="false" />
            <line number="324" hits="1" branch="false" />
            <line number="325" hits="1" branch="false" />
            <line number="326" hits="1" branch="false" />
            <line number="327" hits="1" branch="false" />
            <line number="328" hits="1" branch="false" />
            <line number="332" hits="1" branch="false" />
            <line number="333" hits="1" branch="false" />
            <line number="334" hits="22" branch="true" condition-coverage="100% (2/2)" />
            <line number="335" hits="10" branch="false" />
            <line number="337" hits="1" branch="false" />
            <line number="339" hits="1" branch="false" />
            <line number="340" hits="1" branch="false" />
            <line number="344" hits="1" branch="false" />
            <line number="345" hits="1" branch="false" />
            <line number="346" hits="22" branch="true" condition-coverage="100% (2/2)" />
            <line number="347" hits="10" branch="false" />
            <line number="349" hits="1" branch="false" />
            <line number="352" hits="1" branch="false" />
            <line number="353" hits="1" branch="false" />
            <line number="357" hits="1" branch="false" />
            <line number="358" hits="1" branch="false" />
            <line number="359" hits="1" branch="false" />
            <line number="360" hits="22" branch="true" condition-coverage="100% (2/2)" />
            <line number="361" hits="10" branch="false" />
            <line number="363" hits="1" branch="false" />
            <line number="365" hits="1" branch="false" />
            <line number="367" hits="1" branch="false" />
            <line number="368" hits="1" branch="false" />
            <line number="372" hits="1" branch="false" />
            <line number="373" hits="1" branch="false" />
            <line number="374" hits="1" branch="false" />
            <line number="375" hits="22" branch="true" condition-coverage="100% (2/2)" />
            <line number="376" hits="10" branch="false" />
            <line number="378" hits="1" branch="false" />
            <line number="380" hits="1" branch="false" />
            <line number="382" hits="1" branch="false" />
            <line number="383" hits="1" branch="false" />
            <line number="387" hits="1" branch="false" />
            <line number="388" hits="1" branch="false" />
            <line number="389" hits="1" branch="false" />
            <line number="390" hits="22" branch="true" condition-coverage="100% (2/2)" />
            <line number="391" hits="10" branch="false" />
            <line number="393" hits="1" branch="false" />
            <line number="395" hits="1" branch="false" />
            <line number="397" hits="1" branch="false" />
            <line number="398" hits="1" branch="false" />
            <line number="402" hits="1" branch="false" />
            <line number="403" hits="1" branch="false" />
            <line number="404" hits="1" branch="false" />
          </lines>
        </class>
        <class name="Testovi.Testovi_KlasaPretrage_Osoba" filename="C:\Users\fatal\OneDrive\Desktop\ETF-RS-1-GODINA-1-SEMESTAR\3. Semestar\TS\Zadace\Zadaca2\Testovi\Testovi.cs" line-rate="1" branch-rate="1" complexity="18">
          <methods>
            <method name="TestKlasePretrage_Osoba_TestIscrpnePretrage" signature="()" line-rate="1" branch-rate="1" complexity="2">
              <lines>
                <line number="86" hits="1" branch="false" />
                <line number="87" hits="1" branch="false" />
                <line number="88" hits="22" branch="true" condition-coverage="100% (2/2)" />
                <line number="89" hits="10" branch="false" />
                <line number="91" hits="1" branch="false" />
                <line number="93" hits="1" branch="false" />
                <line number="94" hits="1" branch="false" />
              </lines>
            </method>
            <method name="TestKlasePretrage_Osoba_TestFibonaciPretrage" signature="()" line-rate="1" branch-rate="1" complexity="2">
              <lines>
                <line number="98" hits="1" branch="false" />
                <line number="99" hits="1" branch="false" />
                <line number="100" hits="22" branch="true" condition-coverage="100% (2/2)" />
                <line number="101" hits="10" branch="false" />
                <line number="103" hits="1" branch="false" />
                <line number="105" hits="1" branch="false" />
                <line number="106" hits="1" branch="false" />
              </lines>
            </method>
            <method name="TestKlasePretrage_Osoba_TestBinarnePretrage" signature="()" line-rate="1" branch-rate="1" complexity="2">
              <lines>
                <line number="110" hits="1" branch="false" />
                <line number="111" hits="1" branch="false" />
                <line number="112" hits="22" branch="true" condition-coverage="100% (2/2)" />
                <line number="113" hits="10" branch="false" />
                <line number="115" hits="1" branch="false" />
                <line number="117" hits="1" branch="false" />
                <line number="118" hits="1" branch="false" />
              </lines>
            </method>
            <method name="TestKlasePretrage_Osoba_TestSkokPretrage" signature="()" line-rate="1" branch-rate="1" complexity="2">
              <lines>
                <line number="122" hits="1" branch="false" />
                <line number="123" hits="1" branch="false" />
                <line number="124" hits="22" branch="true" condition-coverage="100% (2/2)" />
                <line number="125" hits="10" branch="false" />
                <line number="127" hits="1" branch="false" />
                <line number="129" hits="1" branch="false" />
                <line number="130" hits="1" branch="false" />
              </lines>
            </method>
            <method name="TestKlasePretrage_Osoba_TestEksponancijalnePretrage" signature="()" line-rate="1" branch-rate="1" complexity="2">
              <lines>
                <line number="134" hits="1" branch="false" />
                <line number="135" hits="1" branch="false" />
                <line number="136" hits="22" branch="true" condition-coverage="100% (2/2)" />
                <line number="137" hits="10" branch="false" />
                <line number="139" hits="1" branch="false" />
                <line number="141" hits="1" branch="false" />
                <line number="142" hits="1" branch="false" />
              </lines>
            </method>
            <method name="TestKlasePretrage_Osoba_TestRekurzivneBinarnePretrage" signature="()" line-rate="1" branch-rate="1" complexity="2">
              <lines>
                <line number="146" hits="1" branch="false" />
                <line number="147" hits="1" branch="false" />
                <line number="148" hits="22" branch="true" condition-coverage="100% (2/2)" />
                <line number="149" hits="10" branch="false" />
                <line number="151" hits="1" branch="false" />
                <line number="153" hits="1" branch="false" />
                <line number="154" hits="1" branch="false" />
              </lines>
            </method>
            <method name="TestKlasePretrage_Osoba_TestTernarnePretrage" signature="()" line-rate="1" branch-rate="1" complexity="2">
              <lines>
                <line number="158" hits="1" branch="false" />
                <line number="159" hits="1" branch="false" />
                <line number="160" hits="22" branch="true" condition-coverage="100% (2/2)" />
                <line number="161" hits="10" branch="false" />
                <line number="163" hits="1" branch="false" />
                <line number="165" hits="1" branch="false" />
                <line number="166" hits="1" branch="false" />
              </lines>
            </method>
            <method name="TestKlasePretrage_Osoba_TestBogoPretrage" signature="()" line-rate="1" branch-rate="1" complexity="2">
              <lines>
                <line number="170" hits="1" branch="false" />
                <line number="171" hits="1" branch="false" />
                <line number="172" hits="22" branch="true" condition-coverage="100% (2/2)" />
                <line number="173" hits="10" branch="false" />
                <line number="175" hits="1" branch="false" />
                <line number="177" hits="1" branch="false" />
                <line number="178" hits="1" branch="false" />
              </lines>
            </method>
            <method name="TestKlasePretrage_Osoba_TestBibliotecnePretrage" signature="()" line-rate="1" branch-rate="1" complexity="2">
              <lines>
                <line number="182" hits="1" branch="false" />
                <line number="183" hits="1" branch="false" />
                <line number="184" hits="22" branch="true" condition-coverage="100% (2/2)" />
                <line number="185" hits="10" branch="false" />
                <line number="187" hits="1" branch="false" />
                <line number="189" hits="1" branch="false" />
                <line number="190" hits="1" branch="false" />
              </lines>
            </method>
          </methods>
          <lines>
            <line number="86" hits="1" branch="false" />
            <line number="87" hits="1" branch="false" />
            <line number="88" hits="22" branch="true" condition-coverage="100% (2/2)" />
            <line number="89" hits="10" branch="false" />
            <line number="91" hits="1" branch="false" />
            <line number="93" hits="1" branch="false" />
            <line number="94" hits="1" branch="false" />
            <line number="98" hits="1" branch="false" />
            <line number="99" hits="1" branch="false" />
            <line number="100" hits="22" branch="true" condition-coverage="100% (2/2)" />
            <line number="101" hits="10" branch="false" />
            <line number="103" hits="1" branch="false" />
            <line number="105" hits="1" branch="false" />
            <line number="106" hits="1" branch="false" />
            <line number="110" hits="1" branch="false" />
            <line number="111" hits="1" branch="false" />
            <line number="112" hits="22" branch="true" condition-coverage="100% (2/2)" />
            <line number="113" hits="10" branch="false" />
            <line number="115" hits="1" branch="false" />
            <line number="117" hits="1" branch="false" />
            <line number="118" hits="1" branch="false" />
            <line number="122" hits="1" branch="false" />
            <line number="123" hits="1" branch="false" />
            <line number="124" hits="22" branch="true" condition-coverage="100% (2/2)" />
            <line number="125" hits="10" branch="false" />
            <line number="127" hits="1" branch="false" />
            <line number="129" hits="1" branch="false" />
            <line number="130" hits="1" branch="false" />
            <line number="134" hits="1" branch="false" />
            <line number="135" hits="1" branch="false" />
            <line number="136" hits="22" branch="true" condition-coverage="100% (2/2)" />
            <line number="137" hits="10" branch="false" />
            <line number="139" hits="1" branch="false" />
            <line number="141" hits="1" branch="false" />
            <line number="142" hits="1" branch="false" />
            <line number="146" hits="1" branch="false" />
            <line number="147" hits="1" branch="false" />
            <line number="148" hits="22" branch="true" condition-coverage="100% (2/2)" />
            <line number="149" hits="10" branch="false" />
            <line number="151" hits="1" branch="false" />
            <line number="153" hits="1" branch="false" />
            <line number="154" hits="1" branch="false" />
            <line number="158" hits="1" branch="false" />
            <line number="159" hits="1" branch="false" />
            <line number="160" hits="22" branch="true" condition-coverage="100% (2/2)" />
            <line number="161" hits="10" branch="false" />
            <line number="163" hits="1" branch="false" />
            <line number="165" hits="1" branch="false" />
            <line number="166" hits="1" branch="false" />
            <line number="170" hits="1" branch="false" />
            <line number="171" hits="1" branch="false" />
            <line number="172" hits="22" branch="true" condition-coverage="100% (2/2)" />
            <line number="173" hits="10" branch="false" />
            <line number="175" hits="1" branch="false" />
            <line number="177" hits="1" branch="false" />
            <line number="178" hits="1" branch="false" />
            <line number="182" hits="1" branch="false" />
            <line number="183" hits="1" branch="false" />
            <line number="184" hits="22" branch="true" condition-coverage="100% (2/2)" />
            <line number="185" hits="10" branch="false" />
            <line number="187" hits="1" branch="false" />
            <line number="189" hits="1" branch="false" />
            <line number="190" hits="1" branch="false" />
          </lines>
        </class>
      </classes>
    </package>
  </packages>
</coverage>