<?xml version="1.0" encoding="utf-8"?>
<CoverageSession xmlns:xsd="http://www.w3.org/2001/XMLSchema" xmlns:xsi="http://www.w3.org/2001/XMLSchema-instance" Version="4.7.922.0">
  <Summary numSequencePoints="1034" visitedSequencePoints="597" numBranchPoints="362" visitedBranchPoints="202" sequenceCoverage="57.74" branchCoverage="55.80" maxCyclomaticComplexity="29" minCyclomaticComplexity="1" maxCrapScore="870" minCrapScore="1" visitedClasses="8" numClasses="9" visitedMethods="77" numMethods="102" />
  <Modules>
    <Module hash="60-88-36-69-4B-CB-43-87-A3-36-31-72-C3-53-13-77-E9-8A-BF-BB">
      <Summary numSequencePoints="270" visitedSequencePoints="258" numBranchPoints="80" visitedBranchPoints="76" sequenceCoverage="95.56" branchCoverage="95" maxCyclomaticComplexity="2" minCyclomaticComplexity="1" maxCrapScore="6" minCrapScore="1" visitedClasses="4" numClasses="4" visitedMethods="32" numMethods="34" />
      <ModulePath>C:\Users\fatal\OneDrive\Desktop\ETF-RS-1-GODINA-1-SEMESTAR\3. Semestar\TS\Zadace\Zadaca2\Testovi\bin\fine-code-coverage-Debug\Testovi.dll</ModulePath>
      <ModuleTime>2022-11-12T23:06:19.7441117Z</ModuleTime>
      <ModuleName>Testovi</ModuleName>
      <Files>
        <File uid="1" fullPath="C:\Users\fatal\OneDrive\Desktop\ETF-RS-1-GODINA-1-SEMESTAR\3. Semestar\TS\Zadace\Zadaca2\Testovi\Testovi.cs" />
      </Files>
      <Classes>
        <Class>
          <Summary numSequencePoints="16" visitedSequencePoints="4" numBranchPoints="5" visitedBranchPoints="1" sequenceCoverage="25" branchCoverage="20" maxCyclomaticComplexity="2" minCyclomaticComplexity="1" maxCrapScore="6" minCrapScore="1" visitedClasses="1" numClasses="1" visitedMethods="1" numMethods="3" />
          <FullName>Testovi.MockOsoba</FullName>
          <Methods>
            <Method visited="true" cyclomaticComplexity="1" nPathComplexity="0" sequenceCoverage="100" branchCoverage="100" crapScore="1" isConstructor="true" isStatic="false" isGetter="false" isSetter="false">
              <Summary numSequencePoints="4" visitedSequencePoints="4" numBranchPoints="1" visitedBranchPoints="1" sequenceCoverage="100" branchCoverage="100" maxCyclomaticComplexity="1" minCyclomaticComplexity="1" maxCrapScore="1" minCrapScore="1" visitedClasses="0" numClasses="0" visitedMethods="1" numMethods="1" />
              <MetadataToken>100663297</MetadataToken>
              <Name>System.Void Testovi.MockOsoba::.ctor(System.String,System.String,System.Int32,System.Int32,System.UInt32,System.DateTime)</Name>
              <FileRef uid="1" />
              <SequencePoints>
                <SequencePoint vc="10" uspid="1" ordinal="0" offset="0" sl="15" sc="21" el="15" ec="76" bec="0" bev="0" fileid="1" />
                <SequencePoint vc="10" uspid="2" ordinal="1" offset="16" sl="16" sc="9" el="16" ec="10" bec="0" bev="0" fileid="1" />
                <SequencePoint vc="10" uspid="3" ordinal="2" offset="17" sl="17" sc="13" el="17" ec="24" bec="0" bev="0" fileid="1" />
                <SequencePoint vc="10" uspid="4" ordinal="3" offset="29" sl="18" sc="9" el="18" ec="10" bec="0" bev="0" fileid="1" />
              </SequencePoints>
              <BranchPoints />
              <MethodPoint xsi:type="SequencePoint" vc="10" uspid="1" ordinal="0" offset="0" sl="15" sc="21" el="15" ec="76" bec="0" bev="0" fileid="1" />
            </Method>
            <Method visited="false" cyclomaticComplexity="1" nPathComplexity="0" sequenceCoverage="0" branchCoverage="0" crapScore="2" isConstructor="false" isStatic="true" isGetter="false" isSetter="false">
              <Summary numSequencePoints="4" visitedSequencePoints="0" numBranchPoints="1" visitedBranchPoints="0" sequenceCoverage="0" branchCoverage="0" maxCyclomaticComplexity="1" minCyclomaticComplexity="1" maxCrapScore="2" minCrapScore="2" visitedClasses="0" numClasses="0" visitedMethods="0" numMethods="1" />
              <MetadataToken>100663298</MetadataToken>
              <Name>Testovi.MockOsoba Testovi.MockOsoba::DajRandomOsobu()</Name>
              <FileRef uid="1" />
              <SequencePoints>
                <SequencePoint vc="0" uspid="5" ordinal="0" offset="0" sl="21" sc="9" el="21" ec="10" bec="0" bev="0" fileid="1" />
                <SequencePoint vc="0" uspid="6" ordinal="1" offset="1" sl="22" sc="13" el="22" ec="40" bec="0" bev="0" fileid="1" />
                <SequencePoint vc="0" uspid="7" ordinal="2" offset="7" sl="23" sc="13" el="23" ec="236" bec="0" bev="0" fileid="1" />
                <SequencePoint vc="0" uspid="8" ordinal="3" offset="100" sl="24" sc="9" el="24" ec="10" bec="0" bev="0" fileid="1" />
              </SequencePoints>
              <BranchPoints />
              <MethodPoint xsi:type="SequencePoint" vc="0" uspid="5" ordinal="0" offset="0" sl="21" sc="9" el="21" ec="10" bec="0" bev="0" fileid="1" />
            </Method>
            <Method visited="false" cyclomaticComplexity="2" nPathComplexity="2" sequenceCoverage="0" branchCoverage="0" crapScore="6" isConstructor="false" isStatic="false" isGetter="false" isSetter="false">
              <Summary numSequencePoints="8" visitedSequencePoints="0" numBranchPoints="3" visitedBranchPoints="0" sequenceCoverage="0" branchCoverage="0" maxCyclomaticComplexity="2" minCyclomaticComplexity="2" maxCrapScore="6" minCrapScore="6" visitedClasses="0" numClasses="0" visitedMethods="0" numMethods="1" />
              <MetadataToken>100663299</MetadataToken>
              <Name>System.Collections.Generic.List`1&lt;Testovi.MockOsoba&gt; Testovi.MockOsoba::UcitajOsobeIzBaze(System.Int32)</Name>
              <FileRef uid="1" />
              <SequencePoints>
                <SequencePoint vc="0" uspid="9" ordinal="0" offset="0" sl="26" sc="9" el="26" ec="10" bec="0" bev="0" fileid="1" />
                <SequencePoint vc="0" uspid="10" ordinal="1" offset="1" sl="27" sc="13" el="27" ec="59" bec="0" bev="0" fileid="1" />
                <SequencePoint vc="0" uspid="11" ordinal="2" offset="7" sl="30" sc="18" el="30" ec="27" bec="0" bev="0" fileid="1" />
                <SequencePoint vc="0" uspid="12" ordinal="3" offset="11" sl="31" sc="17" el="31" ec="44" bec="0" bev="0" fileid="1" />
                <SequencePoint vc="0" uspid="13" ordinal="4" offset="37" sl="30" sc="43" el="30" ec="46" bec="0" bev="0" fileid="1" />
                <SequencePoint vc="0" uspid="14" ordinal="5" offset="41" sl="30" sc="29" el="30" ec="41" bec="2" bev="0" fileid="1" />
                <SequencePoint vc="0" uspid="15" ordinal="6" offset="49" sl="32" sc="13" el="32" ec="26" bec="0" bev="0" fileid="1" />
                <SequencePoint vc="0" uspid="16" ordinal="7" offset="54" sl="33" sc="9" el="33" ec="10" bec="0" bev="0" fileid="1" />
              </SequencePoints>
              <BranchPoints>
                <BranchPoint vc="0" uspid="17" ordinal="0" offset="47" sl="30" path="0" offsetend="49" fileid="1" />
                <BranchPoint vc="0" uspid="18" ordinal="1" offset="47" sl="30" path="1" offsetend="11" fileid="1" />
              </BranchPoints>
              <MethodPoint xsi:type="SequencePoint" vc="0" uspid="9" ordinal="0" offset="0" sl="26" sc="9" el="26" ec="10" bec="0" bev="0" fileid="1" />
            </Method>
          </Methods>
        </Class>
        <Class>
          <Summary numSequencePoints="22" visitedSequencePoints="22" numBranchPoints="7" visitedBranchPoints="7" sequenceCoverage="100" branchCoverage="100" maxCyclomaticComplexity="1" minCyclomaticComplexity="1" maxCrapScore="2" minCrapScore="1" visitedClasses="1" numClasses="1" visitedMethods="7" numMethods="7" />
          <FullName>Testovi.Testovi_KlasaOsoba</FullName>
          <Methods>
            <Method visited="true" cyclomaticComplexity="1" nPathComplexity="0" sequenceCoverage="100" branchCoverage="100" crapScore="1" isConstructor="false" isStatic="false" isGetter="true" isSetter="false">
              <Summary numSequencePoints="1" visitedSequencePoints="1" numBranchPoints="1" visitedBranchPoints="1" sequenceCoverage="100" branchCoverage="100" maxCyclomaticComplexity="1" minCyclomaticComplexity="1" maxCrapScore="1" minCrapScore="1" visitedClasses="0" numClasses="0" visitedMethods="1" numMethods="1" />
              <MetadataToken>100663300</MetadataToken>
              <Name>Testovi.MockOsoba Testovi.Testovi_KlasaOsoba::get_mock()</Name>
              <FileRef uid="1" />
              <SequencePoints>
                <SequencePoint vc="25" uspid="19" ordinal="0" offset="0" sl="39" sc="34" el="39" ec="38" bec="0" bev="0" fileid="1" />
              </SequencePoints>
              <BranchPoints />
              <MethodPoint xsi:type="SequencePoint" vc="25" uspid="19" ordinal="0" offset="0" sl="39" sc="34" el="39" ec="38" bec="0" bev="0" fileid="1" />
            </Method>
            <Method visited="true" cyclomaticComplexity="1" nPathComplexity="0" sequenceCoverage="100" branchCoverage="100" crapScore="1" isConstructor="false" isStatic="false" isGetter="false" isSetter="true">
              <Summary numSequencePoints="1" visitedSequencePoints="1" numBranchPoints="1" visitedBranchPoints="1" sequenceCoverage="100" branchCoverage="100" maxCyclomaticComplexity="1" minCyclomaticComplexity="1" maxCrapScore="1" minCrapScore="1" visitedClasses="0" numClasses="0" visitedMethods="1" numMethods="1" />
              <MetadataToken>100663301</MetadataToken>
              <Name>System.Void Testovi.Testovi_KlasaOsoba::set_mock(Testovi.MockOsoba)</Name>
              <FileRef uid="1" />
              <SequencePoints>
                <SequencePoint vc="10" uspid="20" ordinal="0" offset="0" sl="39" sc="39" el="39" ec="43" bec="0" bev="0" fileid="1" />
              </SequencePoints>
              <BranchPoints />
              <MethodPoint xsi:type="SequencePoint" vc="10" uspid="20" ordinal="0" offset="0" sl="39" sc="39" el="39" ec="43" bec="0" bev="0" fileid="1" />
            </Method>
            <Method visited="true" cyclomaticComplexity="1" nPathComplexity="0" sequenceCoverage="100" branchCoverage="100" crapScore="1" isConstructor="false" isStatic="false" isGetter="true" isSetter="false">
              <Summary numSequencePoints="3" visitedSequencePoints="3" numBranchPoints="1" visitedBranchPoints="1" sequenceCoverage="100" branchCoverage="100" maxCyclomaticComplexity="1" minCyclomaticComplexity="1" maxCrapScore="1" minCrapScore="1" visitedClasses="0" numClasses="0" visitedMethods="1" numMethods="1" />
              <MetadataToken>100663302</MetadataToken>
              <Name>Microsoft.VisualStudio.TestTools.UnitTesting.TestContext Testovi.Testovi_KlasaOsoba::get_TestContext()</Name>
              <FileRef uid="1" />
              <SequencePoints>
                <SequencePoint vc="30" uspid="21" ordinal="0" offset="0" sl="43" sc="13" el="43" ec="14" bec="0" bev="0" fileid="1" />
                <SequencePoint vc="30" uspid="22" ordinal="1" offset="1" sl="44" sc="17" el="44" ec="44" bec="0" bev="0" fileid="1" />
                <SequencePoint vc="30" uspid="23" ordinal="2" offset="10" sl="45" sc="13" el="45" ec="14" bec="0" bev="0" fileid="1" />
              </SequencePoints>
              <BranchPoints />
              <MethodPoint xsi:type="SequencePoint" vc="30" uspid="21" ordinal="0" offset="0" sl="43" sc="13" el="43" ec="14" bec="0" bev="0" fileid="1" />
            </Method>
            <Method visited="true" cyclomaticComplexity="1" nPathComplexity="0" sequenceCoverage="100" branchCoverage="100" crapScore="1" isConstructor="false" isStatic="false" isGetter="false" isSetter="true">
              <Summary numSequencePoints="3" visitedSequencePoints="3" numBranchPoints="1" visitedBranchPoints="1" sequenceCoverage="100" branchCoverage="100" maxCyclomaticComplexity="1" minCyclomaticComplexity="1" maxCrapScore="1" minCrapScore="1" visitedClasses="0" numClasses="0" visitedMethods="1" numMethods="1" />
              <MetadataToken>100663303</MetadataToken>
              <Name>System.Void Testovi.Testovi_KlasaOsoba::set_TestContext(Microsoft.VisualStudio.TestTools.UnitTesting.TestContext)</Name>
              <FileRef uid="1" />
              <SequencePoints>
                <SequencePoint vc="5" uspid="24" ordinal="0" offset="0" sl="47" sc="13" el="47" ec="14" bec="0" bev="0" fileid="1" />
                <SequencePoint vc="5" uspid="25" ordinal="1" offset="1" sl="48" sc="17" el="48" ec="45" bec="0" bev="0" fileid="1" />
                <SequencePoint vc="5" uspid="26" ordinal="2" offset="8" sl="49" sc="13" el="49" ec="14" bec="0" bev="0" fileid="1" />
              </SequencePoints>
              <BranchPoints />
              <MethodPoint xsi:type="SequencePoint" vc="5" uspid="24" ordinal="0" offset="0" sl="47" sc="13" el="47" ec="14" bec="0" bev="0" fileid="1" />
            </Method>
            <Method visited="true" cyclomaticComplexity="1" nPathComplexity="0" sequenceCoverage="100" branchCoverage="100" crapScore="1" isConstructor="false" isStatic="false" isGetter="false" isSetter="false">
              <Summary numSequencePoints="3" visitedSequencePoints="3" numBranchPoints="1" visitedBranchPoints="1" sequenceCoverage="100" branchCoverage="100" maxCyclomaticComplexity="1" minCyclomaticComplexity="1" maxCrapScore="1" minCrapScore="1" visitedClasses="0" numClasses="0" visitedMethods="1" numMethods="1" />
              <MetadataToken>100663304</MetadataToken>
              <Name>System.Void Testovi.Testovi_KlasaOsoba::Init()</Name>
              <FileRef uid="1" />
              <SequencePoints>
                <SequencePoint vc="5" uspid="27" ordinal="0" offset="0" sl="54" sc="9" el="54" ec="10" bec="0" bev="0" fileid="1" />
                <SequencePoint vc="5" uspid="28" ordinal="1" offset="1" sl="55" sc="13" el="55" ec="91" bec="0" bev="0" fileid="1" />
                <SequencePoint vc="5" uspid="29" ordinal="2" offset="42" sl="56" sc="9" el="56" ec="10" bec="0" bev="0" fileid="1" />
              </SequencePoints>
              <BranchPoints />
              <MethodPoint xsi:type="SequencePoint" vc="5" uspid="27" ordinal="0" offset="0" sl="54" sc="9" el="54" ec="10" bec="0" bev="0" fileid="1" />
            </Method>
            <Method visited="true" cyclomaticComplexity="1" nPathComplexity="0" sequenceCoverage="100" branchCoverage="100" crapScore="1" isConstructor="false" isStatic="false" isGetter="false" isSetter="false">
              <Summary numSequencePoints="8" visitedSequencePoints="8" numBranchPoints="1" visitedBranchPoints="1" sequenceCoverage="100" branchCoverage="100" maxCyclomaticComplexity="1" minCyclomaticComplexity="1" maxCrapScore="1" minCrapScore="1" visitedClasses="0" numClasses="0" visitedMethods="1" numMethods="1" />
              <MetadataToken>100663305</MetadataToken>
              <Name>System.Void Testovi.Testovi_KlasaOsoba::TestKlaseOsoba_TestPreklopljenihOperatora()</Name>
              <FileRef uid="1" />
              <SequencePoints>
                <SequencePoint vc="5" uspid="30" ordinal="0" offset="0" sl="62" sc="9" el="62" ec="10" bec="0" bev="0" fileid="1" />
                <SequencePoint vc="5" uspid="31" ordinal="1" offset="1" sl="63" sc="13" el="65" ec="141" bec="0" bev="0" fileid="1" />
                <SequencePoint vc="5" uspid="32" ordinal="2" offset="163" sl="66" sc="13" el="66" ec="49" bec="0" bev="0" fileid="1" />
                <SequencePoint vc="5" uspid="33" ordinal="3" offset="182" sl="67" sc="13" el="67" ec="50" bec="0" bev="0" fileid="1" />
                <SequencePoint vc="5" uspid="34" ordinal="4" offset="201" sl="68" sc="13" el="68" ec="50" bec="0" bev="0" fileid="1" />
                <SequencePoint vc="5" uspid="35" ordinal="5" offset="220" sl="69" sc="13" el="69" ec="51" bec="0" bev="0" fileid="1" />
                <SequencePoint vc="5" uspid="36" ordinal="6" offset="239" sl="70" sc="13" el="70" ec="51" bec="0" bev="0" fileid="1" />
                <SequencePoint vc="5" uspid="37" ordinal="7" offset="258" sl="71" sc="9" el="71" ec="10" bec="0" bev="0" fileid="1" />
              </SequencePoints>
              <BranchPoints />
              <MethodPoint xsi:type="SequencePoint" vc="5" uspid="30" ordinal="0" offset="0" sl="62" sc="9" el="62" ec="10" bec="0" bev="0" fileid="1" />
            </Method>
            <Method visited="true" cyclomaticComplexity="1" nPathComplexity="0" sequenceCoverage="100" branchCoverage="100" crapScore="1" isConstructor="false" isStatic="false" isGetter="false" isSetter="false">
              <Summary numSequencePoints="3" visitedSequencePoints="3" numBranchPoints="1" visitedBranchPoints="1" sequenceCoverage="100" branchCoverage="100" maxCyclomaticComplexity="1" minCyclomaticComplexity="1" maxCrapScore="1" minCrapScore="1" visitedClasses="0" numClasses="0" visitedMethods="1" numMethods="1" />
              <MetadataToken>100663306</MetadataToken>
              <Name>System.Void Testovi.Testovi_KlasaOsoba::Clean()</Name>
              <FileRef uid="1" />
              <SequencePoints>
                <SequencePoint vc="5" uspid="38" ordinal="0" offset="0" sl="75" sc="9" el="75" ec="10" bec="0" bev="0" fileid="1" />
                <SequencePoint vc="5" uspid="39" ordinal="1" offset="1" sl="76" sc="13" el="76" ec="25" bec="0" bev="0" fileid="1" />
                <SequencePoint vc="5" uspid="40" ordinal="2" offset="9" sl="77" sc="9" el="77" ec="10" bec="0" bev="0" fileid="1" />
              </SequencePoints>
              <BranchPoints />
              <MethodPoint xsi:type="SequencePoint" vc="5" uspid="38" ordinal="0" offset="0" sl="75" sc="9" el="75" ec="10" bec="0" bev="0" fileid="1" />
            </Method>
            <Method visited="false" cyclomaticComplexity="1" nPathComplexity="0" sequenceCoverage="0" branchCoverage="0" crapScore="2" isConstructor="true" isStatic="false" isGetter="false" isSetter="false">
              <Summary numSequencePoints="0" visitedSequencePoints="0" numBranchPoints="0" visitedBranchPoints="0" sequenceCoverage="0" branchCoverage="0" maxCyclomaticComplexity="1" minCyclomaticComplexity="1" maxCrapScore="2" minCrapScore="2" visitedClasses="0" numClasses="0" visitedMethods="0" numMethods="0" />
              <MetadataToken>100663307</MetadataToken>
              <Name>System.Void Testovi.Testovi_KlasaOsoba::.ctor()</Name>
              <SequencePoints />
              <BranchPoints />
              <MethodPoint vc="0" uspid="41" ordinal="0" offset="0" />
            </Method>
          </Methods>
        </Class>
        <Class>
          <Summary numSequencePoints="81" visitedSequencePoints="81" numBranchPoints="27" visitedBranchPoints="27" sequenceCoverage="100" branchCoverage="100" maxCyclomaticComplexity="2" minCyclomaticComplexity="1" maxCrapScore="2" minCrapScore="2" visitedClasses="1" numClasses="1" visitedMethods="9" numMethods="9" />
          <FullName>Testovi.Testovi_KlasaPretrage_Osoba</FullName>
          <Methods>
            <Method visited="true" cyclomaticComplexity="2" nPathComplexity="2" sequenceCoverage="100" branchCoverage="100" crapScore="2" isConstructor="false" isStatic="false" isGetter="false" isSetter="false">
              <Summary numSequencePoints="9" visitedSequencePoints="9" numBranchPoints="3" visitedBranchPoints="3" sequenceCoverage="100" branchCoverage="100" maxCyclomaticComplexity="2" minCyclomaticComplexity="2" maxCrapScore="2" minCrapScore="2" visitedClasses="0" numClasses="0" visitedMethods="1" numMethods="1" />
              <MetadataToken>100663308</MetadataToken>
              <Name>System.Void Testovi.Testovi_KlasaPretrage_Osoba::TestKlasePretrage_Osoba_TestIscrpnePretrage()</Name>
              <FileRef uid="1" />
              <SequencePoints>
                <SequencePoint vc="1" uspid="42" ordinal="0" offset="0" sl="86" sc="9" el="86" ec="10" bec="0" bev="0" fileid="1" />
                <SequencePoint vc="1" uspid="43" ordinal="1" offset="1" sl="87" sc="13" el="87" ec="51" bec="0" bev="0" fileid="1" />
                <SequencePoint vc="1" uspid="44" ordinal="2" offset="7" sl="88" sc="18" el="88" ec="27" bec="0" bev="0" fileid="1" />
                <SequencePoint vc="10" uspid="45" ordinal="3" offset="11" sl="89" sc="17" el="89" ec="59" bec="0" bev="0" fileid="1" />
                <SequencePoint vc="10" uspid="46" ordinal="4" offset="23" sl="88" sc="37" el="88" ec="40" bec="0" bev="0" fileid="1" />
                <SequencePoint vc="11" uspid="47" ordinal="5" offset="27" sl="88" sc="29" el="88" ec="35" bec="2" bev="2" fileid="1" />
                <SequencePoint vc="1" uspid="48" ordinal="6" offset="36" sl="91" sc="13" el="91" ec="84" bec="0" bev="0" fileid="1" />
                <SequencePoint vc="1" uspid="49" ordinal="7" offset="50" sl="93" sc="13" el="93" ec="80" bec="0" bev="0" fileid="1" />
                <SequencePoint vc="1" uspid="50" ordinal="8" offset="80" sl="94" sc="9" el="94" ec="10" bec="0" bev="0" fileid="1" />
              </SequencePoints>
              <BranchPoints>
                <BranchPoint vc="1" uspid="51" ordinal="0" offset="34" sl="88" path="0" offsetend="36" fileid="1" />
                <BranchPoint vc="10" uspid="52" ordinal="1" offset="34" sl="88" path="1" offsetend="11" fileid="1" />
              </BranchPoints>
              <MethodPoint xsi:type="SequencePoint" vc="1" uspid="42" ordinal="0" offset="0" sl="86" sc="9" el="86" ec="10" bec="0" bev="0" fileid="1" />
            </Method>
            <Method visited="true" cyclomaticComplexity="2" nPathComplexity="2" sequenceCoverage="100" branchCoverage="100" crapScore="2" isConstructor="false" isStatic="false" isGetter="false" isSetter="false">
              <Summary numSequencePoints="9" visitedSequencePoints="9" numBranchPoints="3" visitedBranchPoints="3" sequenceCoverage="100" branchCoverage="100" maxCyclomaticComplexity="2" minCyclomaticComplexity="2" maxCrapScore="2" minCrapScore="2" visitedClasses="0" numClasses="0" visitedMethods="1" numMethods="1" />
              <MetadataToken>100663309</MetadataToken>
              <Name>System.Void Testovi.Testovi_KlasaPretrage_Osoba::TestKlasePretrage_Osoba_TestFibonaciPretrage()</Name>
              <FileRef uid="1" />
              <SequencePoints>
                <SequencePoint vc="1" uspid="53" ordinal="0" offset="0" sl="98" sc="9" el="98" ec="10" bec="0" bev="0" fileid="1" />
                <SequencePoint vc="1" uspid="54" ordinal="1" offset="1" sl="99" sc="13" el="99" ec="51" bec="0" bev="0" fileid="1" />
                <SequencePoint vc="1" uspid="55" ordinal="2" offset="7" sl="100" sc="18" el="100" ec="27" bec="0" bev="0" fileid="1" />
                <SequencePoint vc="10" uspid="56" ordinal="3" offset="11" sl="101" sc="17" el="101" ec="59" bec="0" bev="0" fileid="1" />
                <SequencePoint vc="10" uspid="57" ordinal="4" offset="23" sl="100" sc="37" el="100" ec="40" bec="0" bev="0" fileid="1" />
                <SequencePoint vc="11" uspid="58" ordinal="5" offset="27" sl="100" sc="29" el="100" ec="35" bec="2" bev="2" fileid="1" />
                <SequencePoint vc="1" uspid="59" ordinal="6" offset="36" sl="103" sc="13" el="103" ec="85" bec="0" bev="0" fileid="1" />
                <SequencePoint vc="1" uspid="60" ordinal="7" offset="50" sl="105" sc="13" el="105" ec="80" bec="0" bev="0" fileid="1" />
                <SequencePoint vc="1" uspid="61" ordinal="8" offset="80" sl="106" sc="9" el="106" ec="10" bec="0" bev="0" fileid="1" />
              </SequencePoints>
              <BranchPoints>
                <BranchPoint vc="1" uspid="62" ordinal="0" offset="34" sl="100" path="0" offsetend="36" fileid="1" />
                <BranchPoint vc="10" uspid="63" ordinal="1" offset="34" sl="100" path="1" offsetend="11" fileid="1" />
              </BranchPoints>
              <MethodPoint xsi:type="SequencePoint" vc="1" uspid="53" ordinal="0" offset="0" sl="98" sc="9" el="98" ec="10" bec="0" bev="0" fileid="1" />
            </Method>
            <Method visited="true" cyclomaticComplexity="2" nPathComplexity="2" sequenceCoverage="100" branchCoverage="100" crapScore="2" isConstructor="false" isStatic="false" isGetter="false" isSetter="false">
              <Summary numSequencePoints="9" visitedSequencePoints="9" numBranchPoints="3" visitedBranchPoints="3" sequenceCoverage="100" branchCoverage="100" maxCyclomaticComplexity="2" minCyclomaticComplexity="2" maxCrapScore="2" minCrapScore="2" visitedClasses="0" numClasses="0" visitedMethods="1" numMethods="1" />
              <MetadataToken>100663310</MetadataToken>
              <Name>System.Void Testovi.Testovi_KlasaPretrage_Osoba::TestKlasePretrage_Osoba_TestBinarnePretrage()</Name>
              <FileRef uid="1" />
              <SequencePoints>
                <SequencePoint vc="1" uspid="64" ordinal="0" offset="0" sl="110" sc="9" el="110" ec="10" bec="0" bev="0" fileid="1" />
                <SequencePoint vc="1" uspid="65" ordinal="1" offset="1" sl="111" sc="13" el="111" ec="51" bec="0" bev="0" fileid="1" />
                <SequencePoint vc="1" uspid="66" ordinal="2" offset="7" sl="112" sc="18" el="112" ec="27" bec="0" bev="0" fileid="1" />
                <SequencePoint vc="10" uspid="67" ordinal="3" offset="11" sl="113" sc="17" el="113" ec="59" bec="0" bev="0" fileid="1" />
                <SequencePoint vc="10" uspid="68" ordinal="4" offset="23" sl="112" sc="37" el="112" ec="40" bec="0" bev="0" fileid="1" />
                <SequencePoint vc="11" uspid="69" ordinal="5" offset="27" sl="112" sc="29" el="112" ec="35" bec="2" bev="2" fileid="1" />
                <SequencePoint vc="1" uspid="70" ordinal="6" offset="36" sl="115" sc="13" el="115" ec="84" bec="0" bev="0" fileid="1" />
                <SequencePoint vc="1" uspid="71" ordinal="7" offset="50" sl="117" sc="13" el="117" ec="80" bec="0" bev="0" fileid="1" />
                <SequencePoint vc="1" uspid="72" ordinal="8" offset="80" sl="118" sc="9" el="118" ec="10" bec="0" bev="0" fileid="1" />
              </SequencePoints>
              <BranchPoints>
                <BranchPoint vc="1" uspid="73" ordinal="0" offset="34" sl="112" path="0" offsetend="36" fileid="1" />
                <BranchPoint vc="10" uspid="74" ordinal="1" offset="34" sl="112" path="1" offsetend="11" fileid="1" />
              </BranchPoints>
              <MethodPoint xsi:type="SequencePoint" vc="1" uspid="64" ordinal="0" offset="0" sl="110" sc="9" el="110" ec="10" bec="0" bev="0" fileid="1" />
            </Method>
            <Method visited="true" cyclomaticComplexity="2" nPathComplexity="2" sequenceCoverage="100" branchCoverage="100" crapScore="2" isConstructor="false" isStatic="false" isGetter="false" isSetter="false">
              <Summary numSequencePoints="9" visitedSequencePoints="9" numBranchPoints="3" visitedBranchPoints="3" sequenceCoverage="100" branchCoverage="100" maxCyclomaticComplexity="2" minCyclomaticComplexity="2" maxCrapScore="2" minCrapScore="2" visitedClasses="0" numClasses="0" visitedMethods="1" numMethods="1" />
              <MetadataToken>100663311</MetadataToken>
              <Name>System.Void Testovi.Testovi_KlasaPretrage_Osoba::TestKlasePretrage_Osoba_TestSkokPretrage()</Name>
              <FileRef uid="1" />
              <SequencePoints>
                <SequencePoint vc="1" uspid="75" ordinal="0" offset="0" sl="122" sc="9" el="122" ec="10" bec="0" bev="0" fileid="1" />
                <SequencePoint vc="1" uspid="76" ordinal="1" offset="1" sl="123" sc="13" el="123" ec="51" bec="0" bev="0" fileid="1" />
                <SequencePoint vc="1" uspid="77" ordinal="2" offset="7" sl="124" sc="18" el="124" ec="27" bec="0" bev="0" fileid="1" />
                <SequencePoint vc="10" uspid="78" ordinal="3" offset="11" sl="125" sc="17" el="125" ec="59" bec="0" bev="0" fileid="1" />
                <SequencePoint vc="10" uspid="79" ordinal="4" offset="23" sl="124" sc="37" el="124" ec="40" bec="0" bev="0" fileid="1" />
                <SequencePoint vc="11" uspid="80" ordinal="5" offset="27" sl="124" sc="29" el="124" ec="35" bec="2" bev="2" fileid="1" />
                <SequencePoint vc="1" uspid="81" ordinal="6" offset="36" sl="127" sc="13" el="127" ec="81" bec="0" bev="0" fileid="1" />
                <SequencePoint vc="1" uspid="82" ordinal="7" offset="50" sl="129" sc="13" el="129" ec="80" bec="0" bev="0" fileid="1" />
                <SequencePoint vc="1" uspid="83" ordinal="8" offset="80" sl="130" sc="9" el="130" ec="10" bec="0" bev="0" fileid="1" />
              </SequencePoints>
              <BranchPoints>
                <BranchPoint vc="1" uspid="84" ordinal="0" offset="34" sl="124" path="0" offsetend="36" fileid="1" />
                <BranchPoint vc="10" uspid="85" ordinal="1" offset="34" sl="124" path="1" offsetend="11" fileid="1" />
              </BranchPoints>
              <MethodPoint xsi:type="SequencePoint" vc="1" uspid="75" ordinal="0" offset="0" sl="122" sc="9" el="122" ec="10" bec="0" bev="0" fileid="1" />
            </Method>
            <Method visited="true" cyclomaticComplexity="2" nPathComplexity="2" sequenceCoverage="100" branchCoverage="100" crapScore="2" isConstructor="false" isStatic="false" isGetter="false" isSetter="false">
              <Summary numSequencePoints="9" visitedSequencePoints="9" numBranchPoints="3" visitedBranchPoints="3" sequenceCoverage="100" branchCoverage="100" maxCyclomaticComplexity="2" minCyclomaticComplexity="2" maxCrapScore="2" minCrapScore="2" visitedClasses="0" numClasses="0" visitedMethods="1" numMethods="1" />
              <MetadataToken>100663312</MetadataToken>
              <Name>System.Void Testovi.Testovi_KlasaPretrage_Osoba::TestKlasePretrage_Osoba_TestEksponancijalnePretrage()</Name>
              <FileRef uid="1" />
              <SequencePoints>
                <SequencePoint vc="1" uspid="86" ordinal="0" offset="0" sl="134" sc="9" el="134" ec="10" bec="0" bev="0" fileid="1" />
                <SequencePoint vc="1" uspid="87" ordinal="1" offset="1" sl="135" sc="13" el="135" ec="51" bec="0" bev="0" fileid="1" />
                <SequencePoint vc="1" uspid="88" ordinal="2" offset="7" sl="136" sc="18" el="136" ec="27" bec="0" bev="0" fileid="1" />
                <SequencePoint vc="10" uspid="89" ordinal="3" offset="11" sl="137" sc="17" el="137" ec="59" bec="0" bev="0" fileid="1" />
                <SequencePoint vc="10" uspid="90" ordinal="4" offset="23" sl="136" sc="37" el="136" ec="40" bec="0" bev="0" fileid="1" />
                <SequencePoint vc="11" uspid="91" ordinal="5" offset="27" sl="136" sc="29" el="136" ec="35" bec="2" bev="2" fileid="1" />
                <SequencePoint vc="1" uspid="92" ordinal="6" offset="36" sl="139" sc="13" el="139" ec="92" bec="0" bev="0" fileid="1" />
                <SequencePoint vc="1" uspid="93" ordinal="7" offset="50" sl="141" sc="13" el="141" ec="80" bec="0" bev="0" fileid="1" />
                <SequencePoint vc="1" uspid="94" ordinal="8" offset="80" sl="142" sc="9" el="142" ec="10" bec="0" bev="0" fileid="1" />
              </SequencePoints>
              <BranchPoints>
                <BranchPoint vc="1" uspid="95" ordinal="0" offset="34" sl="136" path="0" offsetend="36" fileid="1" />
                <BranchPoint vc="10" uspid="96" ordinal="1" offset="34" sl="136" path="1" offsetend="11" fileid="1" />
              </BranchPoints>
              <MethodPoint xsi:type="SequencePoint" vc="1" uspid="86" ordinal="0" offset="0" sl="134" sc="9" el="134" ec="10" bec="0" bev="0" fileid="1" />
            </Method>
            <Method visited="true" cyclomaticComplexity="2" nPathComplexity="2" sequenceCoverage="100" branchCoverage="100" crapScore="2" isConstructor="false" isStatic="false" isGetter="false" isSetter="false">
              <Summary numSequencePoints="9" visitedSequencePoints="9" numBranchPoints="3" visitedBranchPoints="3" sequenceCoverage="100" branchCoverage="100" maxCyclomaticComplexity="2" minCyclomaticComplexity="2" maxCrapScore="2" minCrapScore="2" visitedClasses="0" numClasses="0" visitedMethods="1" numMethods="1" />
              <MetadataToken>100663313</MetadataToken>
              <Name>System.Void Testovi.Testovi_KlasaPretrage_Osoba::TestKlasePretrage_Osoba_TestRekurzivneBinarnePretrage()</Name>
              <FileRef uid="1" />
              <SequencePoints>
                <SequencePoint vc="1" uspid="97" ordinal="0" offset="0" sl="146" sc="9" el="146" ec="10" bec="0" bev="0" fileid="1" />
                <SequencePoint vc="1" uspid="98" ordinal="1" offset="1" sl="147" sc="13" el="147" ec="51" bec="0" bev="0" fileid="1" />
                <SequencePoint vc="1" uspid="99" ordinal="2" offset="7" sl="148" sc="18" el="148" ec="27" bec="0" bev="0" fileid="1" />
                <SequencePoint vc="10" uspid="100" ordinal="3" offset="11" sl="149" sc="17" el="149" ec="59" bec="0" bev="0" fileid="1" />
                <SequencePoint vc="10" uspid="101" ordinal="4" offset="23" sl="148" sc="37" el="148" ec="40" bec="0" bev="0" fileid="1" />
                <SequencePoint vc="11" uspid="102" ordinal="5" offset="27" sl="148" sc="29" el="148" ec="35" bec="2" bev="2" fileid="1" />
                <SequencePoint vc="1" uspid="103" ordinal="6" offset="36" sl="151" sc="13" el="151" ec="94" bec="0" bev="0" fileid="1" />
                <SequencePoint vc="1" uspid="104" ordinal="7" offset="50" sl="153" sc="13" el="153" ec="80" bec="0" bev="0" fileid="1" />
                <SequencePoint vc="1" uspid="105" ordinal="8" offset="80" sl="154" sc="9" el="154" ec="10" bec="0" bev="0" fileid="1" />
              </SequencePoints>
              <BranchPoints>
                <BranchPoint vc="1" uspid="106" ordinal="0" offset="34" sl="148" path="0" offsetend="36" fileid="1" />
                <BranchPoint vc="10" uspid="107" ordinal="1" offset="34" sl="148" path="1" offsetend="11" fileid="1" />
              </BranchPoints>
              <MethodPoint xsi:type="SequencePoint" vc="1" uspid="97" ordinal="0" offset="0" sl="146" sc="9" el="146" ec="10" bec="0" bev="0" fileid="1" />
            </Method>
            <Method visited="true" cyclomaticComplexity="2" nPathComplexity="2" sequenceCoverage="100" branchCoverage="100" crapScore="2" isConstructor="false" isStatic="false" isGetter="false" isSetter="false">
              <Summary numSequencePoints="9" visitedSequencePoints="9" numBranchPoints="3" visitedBranchPoints="3" sequenceCoverage="100" branchCoverage="100" maxCyclomaticComplexity="2" minCyclomaticComplexity="2" maxCrapScore="2" minCrapScore="2" visitedClasses="0" numClasses="0" visitedMethods="1" numMethods="1" />
              <MetadataToken>100663314</MetadataToken>
              <Name>System.Void Testovi.Testovi_KlasaPretrage_Osoba::TestKlasePretrage_Osoba_TestTernarnePretrage()</Name>
              <FileRef uid="1" />
              <SequencePoints>
                <SequencePoint vc="1" uspid="108" ordinal="0" offset="0" sl="158" sc="9" el="158" ec="10" bec="0" bev="0" fileid="1" />
                <SequencePoint vc="1" uspid="109" ordinal="1" offset="1" sl="159" sc="13" el="159" ec="51" bec="0" bev="0" fileid="1" />
                <SequencePoint vc="1" uspid="110" ordinal="2" offset="7" sl="160" sc="18" el="160" ec="27" bec="0" bev="0" fileid="1" />
                <SequencePoint vc="10" uspid="111" ordinal="3" offset="11" sl="161" sc="17" el="161" ec="59" bec="0" bev="0" fileid="1" />
                <SequencePoint vc="10" uspid="112" ordinal="4" offset="23" sl="160" sc="37" el="160" ec="40" bec="0" bev="0" fileid="1" />
                <SequencePoint vc="11" uspid="113" ordinal="5" offset="27" sl="160" sc="29" el="160" ec="35" bec="2" bev="2" fileid="1" />
                <SequencePoint vc="1" uspid="114" ordinal="6" offset="36" sl="163" sc="13" el="163" ec="85" bec="0" bev="0" fileid="1" />
                <SequencePoint vc="1" uspid="115" ordinal="7" offset="50" sl="165" sc="13" el="165" ec="80" bec="0" bev="0" fileid="1" />
                <SequencePoint vc="1" uspid="116" ordinal="8" offset="80" sl="166" sc="9" el="166" ec="10" bec="0" bev="0" fileid="1" />
              </SequencePoints>
              <BranchPoints>
                <BranchPoint vc="1" uspid="117" ordinal="0" offset="34" sl="160" path="0" offsetend="36" fileid="1" />
                <BranchPoint vc="10" uspid="118" ordinal="1" offset="34" sl="160" path="1" offsetend="11" fileid="1" />
              </BranchPoints>
              <MethodPoint xsi:type="SequencePoint" vc="1" uspid="108" ordinal="0" offset="0" sl="158" sc="9" el="158" ec="10" bec="0" bev="0" fileid="1" />
            </Method>
            <Method visited="true" cyclomaticComplexity="2" nPathComplexity="2" sequenceCoverage="100" branchCoverage="100" crapScore="2" isConstructor="false" isStatic="false" isGetter="false" isSetter="false">
              <Summary numSequencePoints="9" visitedSequencePoints="9" numBranchPoints="3" visitedBranchPoints="3" sequenceCoverage="100" branchCoverage="100" maxCyclomaticComplexity="2" minCyclomaticComplexity="2" maxCrapScore="2" minCrapScore="2" visitedClasses="0" numClasses="0" visitedMethods="1" numMethods="1" />
              <MetadataToken>100663315</MetadataToken>
              <Name>System.Void Testovi.Testovi_KlasaPretrage_Osoba::TestKlasePretrage_Osoba_TestBogoPretrage()</Name>
              <FileRef uid="1" />
              <SequencePoints>
                <SequencePoint vc="1" uspid="119" ordinal="0" offset="0" sl="170" sc="9" el="170" ec="10" bec="0" bev="0" fileid="1" />
                <SequencePoint vc="1" uspid="120" ordinal="1" offset="1" sl="171" sc="13" el="171" ec="51" bec="0" bev="0" fileid="1" />
                <SequencePoint vc="1" uspid="121" ordinal="2" offset="7" sl="172" sc="18" el="172" ec="27" bec="0" bev="0" fileid="1" />
                <SequencePoint vc="10" uspid="122" ordinal="3" offset="11" sl="173" sc="17" el="173" ec="59" bec="0" bev="0" fileid="1" />
                <SequencePoint vc="10" uspid="123" ordinal="4" offset="23" sl="172" sc="37" el="172" ec="40" bec="0" bev="0" fileid="1" />
                <SequencePoint vc="11" uspid="124" ordinal="5" offset="27" sl="172" sc="29" el="172" ec="35" bec="2" bev="2" fileid="1" />
                <SequencePoint vc="1" uspid="125" ordinal="6" offset="36" sl="175" sc="13" el="175" ec="81" bec="0" bev="0" fileid="1" />
                <SequencePoint vc="1" uspid="126" ordinal="7" offset="50" sl="177" sc="13" el="177" ec="80" bec="0" bev="0" fileid="1" />
                <SequencePoint vc="1" uspid="127" ordinal="8" offset="80" sl="178" sc="9" el="178" ec="10" bec="0" bev="0" fileid="1" />
              </SequencePoints>
              <BranchPoints>
                <BranchPoint vc="1" uspid="128" ordinal="0" offset="34" sl="172" path="0" offsetend="36" fileid="1" />
                <BranchPoint vc="10" uspid="129" ordinal="1" offset="34" sl="172" path="1" offsetend="11" fileid="1" />
              </BranchPoints>
              <MethodPoint xsi:type="SequencePoint" vc="1" uspid="119" ordinal="0" offset="0" sl="170" sc="9" el="170" ec="10" bec="0" bev="0" fileid="1" />
            </Method>
            <Method visited="true" cyclomaticComplexity="2" nPathComplexity="2" sequenceCoverage="100" branchCoverage="100" crapScore="2" isConstructor="false" isStatic="false" isGetter="false" isSetter="false">
              <Summary numSequencePoints="9" visitedSequencePoints="9" numBranchPoints="3" visitedBranchPoints="3" sequenceCoverage="100" branchCoverage="100" maxCyclomaticComplexity="2" minCyclomaticComplexity="2" maxCrapScore="2" minCrapScore="2" visitedClasses="0" numClasses="0" visitedMethods="1" numMethods="1" />
              <MetadataToken>100663316</MetadataToken>
              <Name>System.Void Testovi.Testovi_KlasaPretrage_Osoba::TestKlasePretrage_Osoba_TestBibliotecnePretrage()</Name>
              <FileRef uid="1" />
              <SequencePoints>
                <SequencePoint vc="1" uspid="130" ordinal="0" offset="0" sl="182" sc="9" el="182" ec="10" bec="0" bev="0" fileid="1" />
                <SequencePoint vc="1" uspid="131" ordinal="1" offset="1" sl="183" sc="13" el="183" ec="51" bec="0" bev="0" fileid="1" />
                <SequencePoint vc="1" uspid="132" ordinal="2" offset="7" sl="184" sc="18" el="184" ec="27" bec="0" bev="0" fileid="1" />
                <SequencePoint vc="10" uspid="133" ordinal="3" offset="11" sl="185" sc="17" el="185" ec="59" bec="0" bev="0" fileid="1" />
                <SequencePoint vc="10" uspid="134" ordinal="4" offset="23" sl="184" sc="37" el="184" ec="40" bec="0" bev="0" fileid="1" />
                <SequencePoint vc="11" uspid="135" ordinal="5" offset="27" sl="184" sc="29" el="184" ec="35" bec="2" bev="2" fileid="1" />
                <SequencePoint vc="1" uspid="136" ordinal="6" offset="36" sl="187" sc="13" el="187" ec="88" bec="0" bev="0" fileid="1" />
                <SequencePoint vc="1" uspid="137" ordinal="7" offset="50" sl="189" sc="13" el="189" ec="80" bec="0" bev="0" fileid="1" />
                <SequencePoint vc="1" uspid="138" ordinal="8" offset="80" sl="190" sc="9" el="190" ec="10" bec="0" bev="0" fileid="1" />
              </SequencePoints>
              <BranchPoints>
                <BranchPoint vc="1" uspid="139" ordinal="0" offset="34" sl="184" path="0" offsetend="36" fileid="1" />
                <BranchPoint vc="10" uspid="140" ordinal="1" offset="34" sl="184" path="1" offsetend="11" fileid="1" />
              </BranchPoints>
              <MethodPoint xsi:type="SequencePoint" vc="1" uspid="130" ordinal="0" offset="0" sl="182" sc="9" el="182" ec="10" bec="0" bev="0" fileid="1" />
            </Method>
            <Method visited="false" cyclomaticComplexity="1" nPathComplexity="0" sequenceCoverage="0" branchCoverage="0" crapScore="2" isConstructor="true" isStatic="false" isGetter="false" isSetter="false">
              <Summary numSequencePoints="0" visitedSequencePoints="0" numBranchPoints="0" visitedBranchPoints="0" sequenceCoverage="0" branchCoverage="0" maxCyclomaticComplexity="1" minCyclomaticComplexity="1" maxCrapScore="2" minCrapScore="2" visitedClasses="0" numClasses="0" visitedMethods="0" numMethods="0" />
              <MetadataToken>100663317</MetadataToken>
              <Name>System.Void Testovi.Testovi_KlasaPretrage_Osoba::.ctor()</Name>
              <SequencePoints />
              <BranchPoints />
              <MethodPoint vc="0" uspid="141" ordinal="0" offset="0" />
            </Method>
          </Methods>
        </Class>
        <Class>
          <Summary numSequencePoints="151" visitedSequencePoints="151" numBranchPoints="41" visitedBranchPoints="41" sequenceCoverage="100" branchCoverage="100" maxCyclomaticComplexity="2" minCyclomaticComplexity="1" maxCrapScore="2" minCrapScore="1" visitedClasses="1" numClasses="1" visitedMethods="15" numMethods="15" />
          <FullName>Testovi.Testovi_KlasaPretrage_Int</FullName>
          <Methods>
            <Method visited="true" cyclomaticComplexity="2" nPathComplexity="2" sequenceCoverage="100" branchCoverage="100" crapScore="2" isConstructor="false" isStatic="false" isGetter="false" isSetter="false">
              <Summary numSequencePoints="10" visitedSequencePoints="10" numBranchPoints="3" visitedBranchPoints="3" sequenceCoverage="100" branchCoverage="100" maxCyclomaticComplexity="2" minCyclomaticComplexity="2" maxCrapScore="2" minCrapScore="2" visitedClasses="0" numClasses="0" visitedMethods="1" numMethods="1" />
              <MetadataToken>100663318</MetadataToken>
              <Name>System.Void Testovi.Testovi_KlasaPretrage_Int::TestKlasePretrage_Int_TestIscrpnePretrage()</Name>
              <FileRef uid="1" />
              <SequencePoints>
                <SequencePoint vc="1" uspid="142" ordinal="0" offset="0" sl="198" sc="9" el="198" ec="10" bec="0" bev="0" fileid="1" />
                <SequencePoint vc="1" uspid="143" ordinal="1" offset="1" sl="199" sc="13" el="199" ec="40" bec="0" bev="0" fileid="1" />
                <SequencePoint vc="1" uspid="144" ordinal="2" offset="7" sl="200" sc="13" el="200" ec="43" bec="0" bev="0" fileid="1" />
                <SequencePoint vc="1" uspid="145" ordinal="3" offset="15" sl="201" sc="18" el="201" ec="27" bec="0" bev="0" fileid="1" />
                <SequencePoint vc="10" uspid="146" ordinal="4" offset="19" sl="202" sc="17" el="202" ec="53" bec="0" bev="0" fileid="1" />
                <SequencePoint vc="10" uspid="147" ordinal="5" offset="31" sl="201" sc="37" el="201" ec="40" bec="0" bev="0" fileid="1" />
                <SequencePoint vc="11" uspid="148" ordinal="6" offset="35" sl="201" sc="29" el="201" ec="35" bec="2" bev="2" fileid="1" />
                <SequencePoint vc="1" uspid="149" ordinal="7" offset="46" sl="204" sc="13" el="204" ec="80" bec="0" bev="0" fileid="1" />
                <SequencePoint vc="1" uspid="150" ordinal="8" offset="56" sl="206" sc="13" el="206" ec="66" bec="0" bev="0" fileid="1" />
                <SequencePoint vc="1" uspid="151" ordinal="9" offset="68" sl="207" sc="9" el="207" ec="10" bec="0" bev="0" fileid="1" />
              </SequencePoints>
              <BranchPoints>
                <BranchPoint vc="1" uspid="152" ordinal="0" offset="44" sl="201" path="0" offsetend="46" fileid="1" />
                <BranchPoint vc="10" uspid="153" ordinal="1" offset="44" sl="201" path="1" offsetend="19" fileid="1" />
              </BranchPoints>
              <MethodPoint xsi:type="SequencePoint" vc="1" uspid="142" ordinal="0" offset="0" sl="198" sc="9" el="198" ec="10" bec="0" bev="0" fileid="1" />
            </Method>
            <Method visited="true" cyclomaticComplexity="2" nPathComplexity="2" sequenceCoverage="100" branchCoverage="100" crapScore="2" isConstructor="false" isStatic="false" isGetter="false" isSetter="false">
              <Summary numSequencePoints="11" visitedSequencePoints="11" numBranchPoints="3" visitedBranchPoints="3" sequenceCoverage="100" branchCoverage="100" maxCyclomaticComplexity="2" minCyclomaticComplexity="2" maxCrapScore="2" minCrapScore="2" visitedClasses="0" numClasses="0" visitedMethods="1" numMethods="1" />
              <MetadataToken>100663319</MetadataToken>
              <Name>System.Void Testovi.Testovi_KlasaPretrage_Int::TestKlasePretrage_Int_TestFibonaciPretrage()</Name>
              <FileRef uid="1" />
              <SequencePoints>
                <SequencePoint vc="1" uspid="154" ordinal="0" offset="0" sl="211" sc="9" el="211" ec="10" bec="0" bev="0" fileid="1" />
                <SequencePoint vc="1" uspid="155" ordinal="1" offset="1" sl="212" sc="13" el="212" ec="40" bec="0" bev="0" fileid="1" />
                <SequencePoint vc="1" uspid="156" ordinal="2" offset="7" sl="213" sc="13" el="213" ec="43" bec="0" bev="0" fileid="1" />
                <SequencePoint vc="1" uspid="157" ordinal="3" offset="15" sl="214" sc="18" el="214" ec="27" bec="0" bev="0" fileid="1" />
                <SequencePoint vc="10" uspid="158" ordinal="4" offset="19" sl="215" sc="17" el="215" ec="53" bec="0" bev="0" fileid="1" />
                <SequencePoint vc="10" uspid="159" ordinal="5" offset="31" sl="214" sc="37" el="214" ec="40" bec="0" bev="0" fileid="1" />
                <SequencePoint vc="11" uspid="160" ordinal="6" offset="35" sl="214" sc="29" el="214" ec="35" bec="2" bev="2" fileid="1" />
                <SequencePoint vc="1" uspid="161" ordinal="7" offset="46" sl="217" sc="13" el="217" ec="37" bec="0" bev="0" fileid="1" />
                <SequencePoint vc="1" uspid="162" ordinal="8" offset="53" sl="219" sc="13" el="219" ec="81" bec="0" bev="0" fileid="1" />
                <SequencePoint vc="1" uspid="163" ordinal="9" offset="63" sl="221" sc="13" el="221" ec="66" bec="0" bev="0" fileid="1" />
                <SequencePoint vc="1" uspid="164" ordinal="10" offset="75" sl="222" sc="9" el="222" ec="10" bec="0" bev="0" fileid="1" />
              </SequencePoints>
              <BranchPoints>
                <BranchPoint vc="1" uspid="165" ordinal="0" offset="44" sl="214" path="0" offsetend="46" fileid="1" />
                <BranchPoint vc="10" uspid="166" ordinal="1" offset="44" sl="214" path="1" offsetend="19" fileid="1" />
              </BranchPoints>
              <MethodPoint xsi:type="SequencePoint" vc="1" uspid="154" ordinal="0" offset="0" sl="211" sc="9" el="211" ec="10" bec="0" bev="0" fileid="1" />
            </Method>
            <Method visited="true" cyclomaticComplexity="2" nPathComplexity="2" sequenceCoverage="100" branchCoverage="100" crapScore="2" isConstructor="false" isStatic="false" isGetter="false" isSetter="false">
              <Summary numSequencePoints="11" visitedSequencePoints="11" numBranchPoints="3" visitedBranchPoints="3" sequenceCoverage="100" branchCoverage="100" maxCyclomaticComplexity="2" minCyclomaticComplexity="2" maxCrapScore="2" minCrapScore="2" visitedClasses="0" numClasses="0" visitedMethods="1" numMethods="1" />
              <MetadataToken>100663320</MetadataToken>
              <Name>System.Void Testovi.Testovi_KlasaPretrage_Int::TestKlasePretrage_Int_TestBinarnePretrage()</Name>
              <FileRef uid="1" />
              <SequencePoints>
                <SequencePoint vc="1" uspid="167" ordinal="0" offset="0" sl="226" sc="9" el="226" ec="10" bec="0" bev="0" fileid="1" />
                <SequencePoint vc="1" uspid="168" ordinal="1" offset="1" sl="227" sc="13" el="227" ec="40" bec="0" bev="0" fileid="1" />
                <SequencePoint vc="1" uspid="169" ordinal="2" offset="7" sl="228" sc="13" el="228" ec="43" bec="0" bev="0" fileid="1" />
                <SequencePoint vc="1" uspid="170" ordinal="3" offset="15" sl="229" sc="18" el="229" ec="27" bec="0" bev="0" fileid="1" />
                <SequencePoint vc="10" uspid="171" ordinal="4" offset="19" sl="230" sc="17" el="230" ec="53" bec="0" bev="0" fileid="1" />
                <SequencePoint vc="10" uspid="172" ordinal="5" offset="31" sl="229" sc="37" el="229" ec="40" bec="0" bev="0" fileid="1" />
                <SequencePoint vc="11" uspid="173" ordinal="6" offset="35" sl="229" sc="29" el="229" ec="35" bec="2" bev="2" fileid="1" />
                <SequencePoint vc="1" uspid="174" ordinal="7" offset="46" sl="232" sc="13" el="232" ec="37" bec="0" bev="0" fileid="1" />
                <SequencePoint vc="1" uspid="175" ordinal="8" offset="53" sl="234" sc="13" el="234" ec="80" bec="0" bev="0" fileid="1" />
                <SequencePoint vc="1" uspid="176" ordinal="9" offset="63" sl="236" sc="13" el="236" ec="66" bec="0" bev="0" fileid="1" />
                <SequencePoint vc="1" uspid="177" ordinal="10" offset="75" sl="237" sc="9" el="237" ec="10" bec="0" bev="0" fileid="1" />
              </SequencePoints>
              <BranchPoints>
                <BranchPoint vc="1" uspid="178" ordinal="0" offset="44" sl="229" path="0" offsetend="46" fileid="1" />
                <BranchPoint vc="10" uspid="179" ordinal="1" offset="44" sl="229" path="1" offsetend="19" fileid="1" />
              </BranchPoints>
              <MethodPoint xsi:type="SequencePoint" vc="1" uspid="167" ordinal="0" offset="0" sl="226" sc="9" el="226" ec="10" bec="0" bev="0" fileid="1" />
            </Method>
            <Method visited="true" cyclomaticComplexity="2" nPathComplexity="2" sequenceCoverage="100" branchCoverage="100" crapScore="2" isConstructor="false" isStatic="false" isGetter="false" isSetter="false">
              <Summary numSequencePoints="11" visitedSequencePoints="11" numBranchPoints="3" visitedBranchPoints="3" sequenceCoverage="100" branchCoverage="100" maxCyclomaticComplexity="2" minCyclomaticComplexity="2" maxCrapScore="2" minCrapScore="2" visitedClasses="0" numClasses="0" visitedMethods="1" numMethods="1" />
              <MetadataToken>100663321</MetadataToken>
              <Name>System.Void Testovi.Testovi_KlasaPretrage_Int::TestKlasePretrage_Int_TestSkokPretrage()</Name>
              <FileRef uid="1" />
              <SequencePoints>
                <SequencePoint vc="1" uspid="180" ordinal="0" offset="0" sl="241" sc="9" el="241" ec="10" bec="0" bev="0" fileid="1" />
                <SequencePoint vc="1" uspid="181" ordinal="1" offset="1" sl="242" sc="13" el="242" ec="40" bec="0" bev="0" fileid="1" />
                <SequencePoint vc="1" uspid="182" ordinal="2" offset="7" sl="243" sc="13" el="243" ec="43" bec="0" bev="0" fileid="1" />
                <SequencePoint vc="1" uspid="183" ordinal="3" offset="15" sl="244" sc="18" el="244" ec="27" bec="0" bev="0" fileid="1" />
                <SequencePoint vc="10" uspid="184" ordinal="4" offset="19" sl="245" sc="17" el="245" ec="53" bec="0" bev="0" fileid="1" />
                <SequencePoint vc="10" uspid="185" ordinal="5" offset="31" sl="244" sc="37" el="244" ec="40" bec="0" bev="0" fileid="1" />
                <SequencePoint vc="11" uspid="186" ordinal="6" offset="35" sl="244" sc="29" el="244" ec="35" bec="2" bev="2" fileid="1" />
                <SequencePoint vc="1" uspid="187" ordinal="7" offset="46" sl="247" sc="13" el="247" ec="37" bec="0" bev="0" fileid="1" />
                <SequencePoint vc="1" uspid="188" ordinal="8" offset="53" sl="249" sc="13" el="249" ec="77" bec="0" bev="0" fileid="1" />
                <SequencePoint vc="1" uspid="189" ordinal="9" offset="63" sl="251" sc="13" el="251" ec="66" bec="0" bev="0" fileid="1" />
                <SequencePoint vc="1" uspid="190" ordinal="10" offset="75" sl="252" sc="9" el="252" ec="10" bec="0" bev="0" fileid="1" />
              </SequencePoints>
              <BranchPoints>
                <BranchPoint vc="1" uspid="191" ordinal="0" offset="44" sl="244" path="0" offsetend="46" fileid="1" />
                <BranchPoint vc="10" uspid="192" ordinal="1" offset="44" sl="244" path="1" offsetend="19" fileid="1" />
              </BranchPoints>
              <MethodPoint xsi:type="SequencePoint" vc="1" uspid="180" ordinal="0" offset="0" sl="241" sc="9" el="241" ec="10" bec="0" bev="0" fileid="1" />
            </Method>
            <Method visited="true" cyclomaticComplexity="2" nPathComplexity="2" sequenceCoverage="100" branchCoverage="100" crapScore="2" isConstructor="false" isStatic="false" isGetter="false" isSetter="false">
              <Summary numSequencePoints="11" visitedSequencePoints="11" numBranchPoints="3" visitedBranchPoints="3" sequenceCoverage="100" branchCoverage="100" maxCyclomaticComplexity="2" minCyclomaticComplexity="2" maxCrapScore="2" minCrapScore="2" visitedClasses="0" numClasses="0" visitedMethods="1" numMethods="1" />
              <MetadataToken>100663322</MetadataToken>
              <Name>System.Void Testovi.Testovi_KlasaPretrage_Int::TestKlasePretrage_Int_TestEksponencijalnePretrage()</Name>
              <FileRef uid="1" />
              <SequencePoints>
                <SequencePoint vc="1" uspid="193" ordinal="0" offset="0" sl="256" sc="9" el="256" ec="10" bec="0" bev="0" fileid="1" />
                <SequencePoint vc="1" uspid="194" ordinal="1" offset="1" sl="257" sc="13" el="257" ec="40" bec="0" bev="0" fileid="1" />
                <SequencePoint vc="1" uspid="195" ordinal="2" offset="7" sl="258" sc="13" el="258" ec="43" bec="0" bev="0" fileid="1" />
                <SequencePoint vc="1" uspid="196" ordinal="3" offset="15" sl="259" sc="18" el="259" ec="27" bec="0" bev="0" fileid="1" />
                <SequencePoint vc="10" uspid="197" ordinal="4" offset="19" sl="260" sc="17" el="260" ec="53" bec="0" bev="0" fileid="1" />
                <SequencePoint vc="10" uspid="198" ordinal="5" offset="31" sl="259" sc="37" el="259" ec="40" bec="0" bev="0" fileid="1" />
                <SequencePoint vc="11" uspid="199" ordinal="6" offset="35" sl="259" sc="29" el="259" ec="35" bec="2" bev="2" fileid="1" />
                <SequencePoint vc="1" uspid="200" ordinal="7" offset="46" sl="262" sc="13" el="262" ec="37" bec="0" bev="0" fileid="1" />
                <SequencePoint vc="1" uspid="201" ordinal="8" offset="53" sl="264" sc="13" el="264" ec="88" bec="0" bev="0" fileid="1" />
                <SequencePoint vc="1" uspid="202" ordinal="9" offset="63" sl="266" sc="13" el="266" ec="66" bec="0" bev="0" fileid="1" />
                <SequencePoint vc="1" uspid="203" ordinal="10" offset="75" sl="267" sc="9" el="267" ec="10" bec="0" bev="0" fileid="1" />
              </SequencePoints>
              <BranchPoints>
                <BranchPoint vc="1" uspid="204" ordinal="0" offset="44" sl="259" path="0" offsetend="46" fileid="1" />
                <BranchPoint vc="10" uspid="205" ordinal="1" offset="44" sl="259" path="1" offsetend="19" fileid="1" />
              </BranchPoints>
              <MethodPoint xsi:type="SequencePoint" vc="1" uspid="193" ordinal="0" offset="0" sl="256" sc="9" el="256" ec="10" bec="0" bev="0" fileid="1" />
            </Method>
            <Method visited="true" cyclomaticComplexity="2" nPathComplexity="2" sequenceCoverage="100" branchCoverage="100" crapScore="2" isConstructor="false" isStatic="false" isGetter="false" isSetter="false">
              <Summary numSequencePoints="10" visitedSequencePoints="10" numBranchPoints="3" visitedBranchPoints="3" sequenceCoverage="100" branchCoverage="100" maxCyclomaticComplexity="2" minCyclomaticComplexity="2" maxCrapScore="2" minCrapScore="2" visitedClasses="0" numClasses="0" visitedMethods="1" numMethods="1" />
              <MetadataToken>100663323</MetadataToken>
              <Name>System.Void Testovi.Testovi_KlasaPretrage_Int::TestKlasePretrage_Int_TestRekurzivneBinarnePretrage()</Name>
              <FileRef uid="1" />
              <SequencePoints>
                <SequencePoint vc="1" uspid="206" ordinal="0" offset="0" sl="271" sc="9" el="271" ec="10" bec="0" bev="0" fileid="1" />
                <SequencePoint vc="1" uspid="207" ordinal="1" offset="1" sl="272" sc="13" el="272" ec="40" bec="0" bev="0" fileid="1" />
                <SequencePoint vc="1" uspid="208" ordinal="2" offset="7" sl="273" sc="13" el="273" ec="47" bec="0" bev="0" fileid="1" />
                <SequencePoint vc="1" uspid="209" ordinal="3" offset="13" sl="274" sc="18" el="274" ec="27" bec="0" bev="0" fileid="1" />
                <SequencePoint vc="10" uspid="210" ordinal="4" offset="17" sl="275" sc="17" el="275" ec="51" bec="0" bev="0" fileid="1" />
                <SequencePoint vc="10" uspid="211" ordinal="5" offset="33" sl="274" sc="37" el="274" ec="40" bec="0" bev="0" fileid="1" />
                <SequencePoint vc="11" uspid="212" ordinal="6" offset="37" sl="274" sc="29" el="274" ec="35" bec="2" bev="2" fileid="1" />
                <SequencePoint vc="1" uspid="213" ordinal="7" offset="48" sl="277" sc="13" el="277" ec="90" bec="0" bev="0" fileid="1" />
                <SequencePoint vc="1" uspid="214" ordinal="8" offset="62" sl="279" sc="13" el="279" ec="66" bec="0" bev="0" fileid="1" />
                <SequencePoint vc="1" uspid="215" ordinal="9" offset="82" sl="280" sc="9" el="280" ec="10" bec="0" bev="0" fileid="1" />
              </SequencePoints>
              <BranchPoints>
                <BranchPoint vc="1" uspid="216" ordinal="0" offset="46" sl="274" path="0" offsetend="48" fileid="1" />
                <BranchPoint vc="10" uspid="217" ordinal="1" offset="46" sl="274" path="1" offsetend="17" fileid="1" />
              </BranchPoints>
              <MethodPoint xsi:type="SequencePoint" vc="1" uspid="206" ordinal="0" offset="0" sl="271" sc="9" el="271" ec="10" bec="0" bev="0" fileid="1" />
            </Method>
            <Method visited="true" cyclomaticComplexity="2" nPathComplexity="2" sequenceCoverage="100" branchCoverage="100" crapScore="2" isConstructor="false" isStatic="false" isGetter="false" isSetter="false">
              <Summary numSequencePoints="11" visitedSequencePoints="11" numBranchPoints="3" visitedBranchPoints="3" sequenceCoverage="100" branchCoverage="100" maxCyclomaticComplexity="2" minCyclomaticComplexity="2" maxCrapScore="2" minCrapScore="2" visitedClasses="0" numClasses="0" visitedMethods="1" numMethods="1" />
              <MetadataToken>100663324</MetadataToken>
              <Name>System.Void Testovi.Testovi_KlasaPretrage_Int::TestKlasePretrage_Int_TestTernarnePretrage()</Name>
              <FileRef uid="1" />
              <SequencePoints>
                <SequencePoint vc="1" uspid="218" ordinal="0" offset="0" sl="285" sc="9" el="285" ec="10" bec="0" bev="0" fileid="1" />
                <SequencePoint vc="1" uspid="219" ordinal="1" offset="1" sl="286" sc="13" el="286" ec="40" bec="0" bev="0" fileid="1" />
                <SequencePoint vc="1" uspid="220" ordinal="2" offset="7" sl="287" sc="13" el="287" ec="43" bec="0" bev="0" fileid="1" />
                <SequencePoint vc="1" uspid="221" ordinal="3" offset="15" sl="288" sc="18" el="288" ec="27" bec="0" bev="0" fileid="1" />
                <SequencePoint vc="10" uspid="222" ordinal="4" offset="19" sl="289" sc="17" el="289" ec="53" bec="0" bev="0" fileid="1" />
                <SequencePoint vc="10" uspid="223" ordinal="5" offset="31" sl="288" sc="37" el="288" ec="40" bec="0" bev="0" fileid="1" />
                <SequencePoint vc="11" uspid="224" ordinal="6" offset="35" sl="288" sc="29" el="288" ec="35" bec="2" bev="2" fileid="1" />
                <SequencePoint vc="1" uspid="225" ordinal="7" offset="46" sl="291" sc="13" el="291" ec="37" bec="0" bev="0" fileid="1" />
                <SequencePoint vc="1" uspid="226" ordinal="8" offset="53" sl="293" sc="13" el="293" ec="81" bec="0" bev="0" fileid="1" />
                <SequencePoint vc="1" uspid="227" ordinal="9" offset="63" sl="295" sc="13" el="295" ec="66" bec="0" bev="0" fileid="1" />
                <SequencePoint vc="1" uspid="228" ordinal="10" offset="75" sl="296" sc="9" el="296" ec="10" bec="0" bev="0" fileid="1" />
              </SequencePoints>
              <BranchPoints>
                <BranchPoint vc="1" uspid="229" ordinal="0" offset="44" sl="288" path="0" offsetend="46" fileid="1" />
                <BranchPoint vc="10" uspid="230" ordinal="1" offset="44" sl="288" path="1" offsetend="19" fileid="1" />
              </BranchPoints>
              <MethodPoint xsi:type="SequencePoint" vc="1" uspid="218" ordinal="0" offset="0" sl="285" sc="9" el="285" ec="10" bec="0" bev="0" fileid="1" />
            </Method>
            <Method visited="true" cyclomaticComplexity="2" nPathComplexity="2" sequenceCoverage="100" branchCoverage="100" crapScore="2" isConstructor="false" isStatic="false" isGetter="false" isSetter="false">
              <Summary numSequencePoints="11" visitedSequencePoints="11" numBranchPoints="3" visitedBranchPoints="3" sequenceCoverage="100" branchCoverage="100" maxCyclomaticComplexity="2" minCyclomaticComplexity="2" maxCrapScore="2" minCrapScore="2" visitedClasses="0" numClasses="0" visitedMethods="1" numMethods="1" />
              <MetadataToken>100663325</MetadataToken>
              <Name>System.Void Testovi.Testovi_KlasaPretrage_Int::TestKlasePretrage_Int_TestBogoPretrage()</Name>
              <FileRef uid="1" />
              <SequencePoints>
                <SequencePoint vc="1" uspid="231" ordinal="0" offset="0" sl="301" sc="9" el="301" ec="10" bec="0" bev="0" fileid="1" />
                <SequencePoint vc="1" uspid="232" ordinal="1" offset="1" sl="302" sc="13" el="302" ec="40" bec="0" bev="0" fileid="1" />
                <SequencePoint vc="1" uspid="233" ordinal="2" offset="7" sl="303" sc="13" el="303" ec="43" bec="0" bev="0" fileid="1" />
                <SequencePoint vc="1" uspid="234" ordinal="3" offset="15" sl="304" sc="18" el="304" ec="27" bec="0" bev="0" fileid="1" />
                <SequencePoint vc="10" uspid="235" ordinal="4" offset="19" sl="305" sc="17" el="305" ec="53" bec="0" bev="0" fileid="1" />
                <SequencePoint vc="10" uspid="236" ordinal="5" offset="31" sl="304" sc="37" el="304" ec="40" bec="0" bev="0" fileid="1" />
                <SequencePoint vc="11" uspid="237" ordinal="6" offset="35" sl="304" sc="29" el="304" ec="35" bec="2" bev="2" fileid="1" />
                <SequencePoint vc="1" uspid="238" ordinal="7" offset="46" sl="307" sc="13" el="307" ec="37" bec="0" bev="0" fileid="1" />
                <SequencePoint vc="1" uspid="239" ordinal="8" offset="53" sl="309" sc="13" el="309" ec="77" bec="0" bev="0" fileid="1" />
                <SequencePoint vc="1" uspid="240" ordinal="9" offset="63" sl="311" sc="13" el="311" ec="66" bec="0" bev="0" fileid="1" />
                <SequencePoint vc="1" uspid="241" ordinal="10" offset="75" sl="312" sc="9" el="312" ec="10" bec="0" bev="0" fileid="1" />
              </SequencePoints>
              <BranchPoints>
                <BranchPoint vc="1" uspid="242" ordinal="0" offset="44" sl="304" path="0" offsetend="46" fileid="1" />
                <BranchPoint vc="10" uspid="243" ordinal="1" offset="44" sl="304" path="1" offsetend="19" fileid="1" />
              </BranchPoints>
              <MethodPoint xsi:type="SequencePoint" vc="1" uspid="231" ordinal="0" offset="0" sl="301" sc="9" el="301" ec="10" bec="0" bev="0" fileid="1" />
            </Method>
            <Method visited="true" cyclomaticComplexity="1" nPathComplexity="0" sequenceCoverage="100" branchCoverage="100" crapScore="1" isConstructor="false" isStatic="false" isGetter="false" isSetter="false">
              <Summary numSequencePoints="11" visitedSequencePoints="11" numBranchPoints="1" visitedBranchPoints="1" sequenceCoverage="100" branchCoverage="100" maxCyclomaticComplexity="1" minCyclomaticComplexity="1" maxCrapScore="1" minCrapScore="1" visitedClasses="0" numClasses="0" visitedMethods="1" numMethods="1" />
              <MetadataToken>100663326</MetadataToken>
              <Name>System.Void Testovi.Testovi_KlasaPretrage_Int::TEST()</Name>
              <FileRef uid="1" />
              <SequencePoints>
                <SequencePoint vc="1" uspid="244" ordinal="0" offset="0" sl="316" sc="9" el="316" ec="10" bec="0" bev="0" fileid="1" />
                <SequencePoint vc="1" uspid="245" ordinal="1" offset="1" sl="317" sc="13" el="317" ec="59" bec="0" bev="0" fileid="1" />
                <SequencePoint vc="1" uspid="246" ordinal="2" offset="11" sl="318" sc="13" el="318" ec="140" bec="0" bev="0" fileid="1" />
                <SequencePoint vc="1" uspid="247" ordinal="3" offset="18" sl="320" sc="13" el="320" ec="123" bec="0" bev="0" fileid="1" />
                <SequencePoint vc="1" uspid="248" ordinal="4" offset="59" sl="321" sc="13" el="321" ec="126" bec="0" bev="0" fileid="1" />
                <SequencePoint vc="1" uspid="249" ordinal="5" offset="100" sl="322" sc="13" el="322" ec="123" bec="0" bev="0" fileid="1" />
                <SequencePoint vc="1" uspid="250" ordinal="6" offset="141" sl="324" sc="13" el="324" ec="117" bec="0" bev="0" fileid="1" />
                <SequencePoint vc="1" uspid="251" ordinal="7" offset="182" sl="325" sc="13" el="325" ec="139" bec="0" bev="0" fileid="1" />
                <SequencePoint vc="1" uspid="252" ordinal="8" offset="223" sl="326" sc="13" el="326" ec="144" bec="0" bev="0" fileid="1" />
                <SequencePoint vc="1" uspid="253" ordinal="9" offset="264" sl="327" sc="13" el="327" ec="35" bec="0" bev="0" fileid="1" />
                <SequencePoint vc="1" uspid="254" ordinal="10" offset="272" sl="328" sc="9" el="328" ec="10" bec="0" bev="0" fileid="1" />
              </SequencePoints>
              <BranchPoints />
              <MethodPoint xsi:type="SequencePoint" vc="1" uspid="244" ordinal="0" offset="0" sl="316" sc="9" el="316" ec="10" bec="0" bev="0" fileid="1" />
            </Method>
            <Method visited="true" cyclomaticComplexity="2" nPathComplexity="2" sequenceCoverage="100" branchCoverage="100" crapScore="2" isConstructor="false" isStatic="false" isGetter="false" isSetter="false">
              <Summary numSequencePoints="9" visitedSequencePoints="9" numBranchPoints="3" visitedBranchPoints="3" sequenceCoverage="100" branchCoverage="100" maxCyclomaticComplexity="2" minCyclomaticComplexity="2" maxCrapScore="2" minCrapScore="2" visitedClasses="0" numClasses="0" visitedMethods="1" numMethods="1" />
              <MetadataToken>100663327</MetadataToken>
              <Name>System.Void Testovi.Testovi_KlasaPretrage_Int::TestKlasePretrage_Osoba_TestPomocneZaTernarnu()</Name>
              <FileRef uid="1" />
              <SequencePoints>
                <SequencePoint vc="1" uspid="255" ordinal="0" offset="0" sl="332" sc="9" el="332" ec="10" bec="0" bev="0" fileid="1" />
                <SequencePoint vc="1" uspid="256" ordinal="1" offset="1" sl="333" sc="13" el="333" ec="51" bec="0" bev="0" fileid="1" />
                <SequencePoint vc="1" uspid="257" ordinal="2" offset="7" sl="334" sc="18" el="334" ec="27" bec="0" bev="0" fileid="1" />
                <SequencePoint vc="10" uspid="258" ordinal="3" offset="11" sl="335" sc="17" el="335" ec="59" bec="0" bev="0" fileid="1" />
                <SequencePoint vc="10" uspid="259" ordinal="4" offset="23" sl="334" sc="37" el="334" ec="40" bec="0" bev="0" fileid="1" />
                <SequencePoint vc="11" uspid="260" ordinal="5" offset="27" sl="334" sc="29" el="334" ec="35" bec="2" bev="2" fileid="1" />
                <SequencePoint vc="1" uspid="261" ordinal="6" offset="36" sl="337" sc="13" el="337" ec="93" bec="0" bev="0" fileid="1" />
                <SequencePoint vc="1" uspid="262" ordinal="7" offset="53" sl="339" sc="13" el="339" ec="44" bec="0" bev="0" fileid="1" />
                <SequencePoint vc="1" uspid="263" ordinal="8" offset="61" sl="340" sc="9" el="340" ec="10" bec="0" bev="0" fileid="1" />
              </SequencePoints>
              <BranchPoints>
                <BranchPoint vc="1" uspid="264" ordinal="0" offset="34" sl="334" path="0" offsetend="36" fileid="1" />
                <BranchPoint vc="10" uspid="265" ordinal="1" offset="34" sl="334" path="1" offsetend="11" fileid="1" />
              </BranchPoints>
              <MethodPoint xsi:type="SequencePoint" vc="1" uspid="255" ordinal="0" offset="0" sl="332" sc="9" el="332" ec="10" bec="0" bev="0" fileid="1" />
            </Method>
            <Method visited="true" cyclomaticComplexity="2" nPathComplexity="2" sequenceCoverage="100" branchCoverage="100" crapScore="2" isConstructor="false" isStatic="false" isGetter="false" isSetter="false">
              <Summary numSequencePoints="9" visitedSequencePoints="9" numBranchPoints="3" visitedBranchPoints="3" sequenceCoverage="100" branchCoverage="100" maxCyclomaticComplexity="2" minCyclomaticComplexity="2" maxCrapScore="2" minCrapScore="2" visitedClasses="0" numClasses="0" visitedMethods="1" numMethods="1" />
              <MetadataToken>100663328</MetadataToken>
              <Name>System.Void Testovi.Testovi_KlasaPretrage_Int::TestKlasePretrage_Test_VratiSortirano()</Name>
              <FileRef uid="1" />
              <SequencePoints>
                <SequencePoint vc="1" uspid="266" ordinal="0" offset="0" sl="344" sc="9" el="344" ec="10" bec="0" bev="0" fileid="1" />
                <SequencePoint vc="1" uspid="267" ordinal="1" offset="1" sl="345" sc="13" el="345" ec="51" bec="0" bev="0" fileid="1" />
                <SequencePoint vc="1" uspid="268" ordinal="2" offset="7" sl="346" sc="18" el="346" ec="27" bec="0" bev="0" fileid="1" />
                <SequencePoint vc="10" uspid="269" ordinal="3" offset="11" sl="347" sc="17" el="347" ec="59" bec="0" bev="0" fileid="1" />
                <SequencePoint vc="10" uspid="270" ordinal="4" offset="23" sl="346" sc="37" el="346" ec="40" bec="0" bev="0" fileid="1" />
                <SequencePoint vc="11" uspid="271" ordinal="5" offset="27" sl="346" sc="29" el="346" ec="35" bec="2" bev="2" fileid="1" />
                <SequencePoint vc="1" uspid="272" ordinal="6" offset="36" sl="349" sc="13" el="349" ec="63" bec="0" bev="0" fileid="1" />
                <SequencePoint vc="1" uspid="273" ordinal="7" offset="43" sl="352" sc="13" el="352" ec="62" bec="0" bev="0" fileid="1" />
                <SequencePoint vc="1" uspid="274" ordinal="8" offset="56" sl="353" sc="9" el="353" ec="10" bec="0" bev="0" fileid="1" />
              </SequencePoints>
              <BranchPoints>
                <BranchPoint vc="1" uspid="275" ordinal="0" offset="34" sl="346" path="0" offsetend="36" fileid="1" />
                <BranchPoint vc="10" uspid="276" ordinal="1" offset="34" sl="346" path="1" offsetend="11" fileid="1" />
              </BranchPoints>
              <MethodPoint xsi:type="SequencePoint" vc="1" uspid="266" ordinal="0" offset="0" sl="344" sc="9" el="344" ec="10" bec="0" bev="0" fileid="1" />
            </Method>
            <Method visited="true" cyclomaticComplexity="2" nPathComplexity="2" sequenceCoverage="100" branchCoverage="100" crapScore="2" isConstructor="false" isStatic="false" isGetter="false" isSetter="false">
              <Summary numSequencePoints="11" visitedSequencePoints="11" numBranchPoints="3" visitedBranchPoints="3" sequenceCoverage="100" branchCoverage="100" maxCyclomaticComplexity="2" minCyclomaticComplexity="2" maxCrapScore="2" minCrapScore="2" visitedClasses="0" numClasses="0" visitedMethods="1" numMethods="1" />
              <MetadataToken>100663329</MetadataToken>
              <Name>System.Void Testovi.Testovi_KlasaPretrage_Int::TestKlasePretrage_Int_TestPomocneZaTernarnu()</Name>
              <FileRef uid="1" />
              <SequencePoints>
                <SequencePoint vc="1" uspid="277" ordinal="0" offset="0" sl="357" sc="9" el="357" ec="10" bec="0" bev="0" fileid="1" />
                <SequencePoint vc="1" uspid="278" ordinal="1" offset="1" sl="358" sc="13" el="358" ec="40" bec="0" bev="0" fileid="1" />
                <SequencePoint vc="1" uspid="279" ordinal="2" offset="7" sl="359" sc="13" el="359" ec="43" bec="0" bev="0" fileid="1" />
                <SequencePoint vc="1" uspid="280" ordinal="3" offset="15" sl="360" sc="18" el="360" ec="27" bec="0" bev="0" fileid="1" />
                <SequencePoint vc="10" uspid="281" ordinal="4" offset="19" sl="361" sc="17" el="361" ec="53" bec="0" bev="0" fileid="1" />
                <SequencePoint vc="10" uspid="282" ordinal="5" offset="31" sl="360" sc="37" el="360" ec="40" bec="0" bev="0" fileid="1" />
                <SequencePoint vc="11" uspid="283" ordinal="6" offset="35" sl="360" sc="29" el="360" ec="35" bec="2" bev="2" fileid="1" />
                <SequencePoint vc="1" uspid="284" ordinal="7" offset="46" sl="363" sc="13" el="363" ec="37" bec="0" bev="0" fileid="1" />
                <SequencePoint vc="1" uspid="285" ordinal="8" offset="53" sl="365" sc="13" el="365" ec="89" bec="0" bev="0" fileid="1" />
                <SequencePoint vc="1" uspid="286" ordinal="9" offset="66" sl="367" sc="13" el="367" ec="44" bec="0" bev="0" fileid="1" />
                <SequencePoint vc="1" uspid="287" ordinal="10" offset="74" sl="368" sc="9" el="368" ec="10" bec="0" bev="0" fileid="1" />
              </SequencePoints>
              <BranchPoints>
                <BranchPoint vc="1" uspid="288" ordinal="0" offset="44" sl="360" path="0" offsetend="46" fileid="1" />
                <BranchPoint vc="10" uspid="289" ordinal="1" offset="44" sl="360" path="1" offsetend="19" fileid="1" />
              </BranchPoints>
              <MethodPoint xsi:type="SequencePoint" vc="1" uspid="277" ordinal="0" offset="0" sl="357" sc="9" el="357" ec="10" bec="0" bev="0" fileid="1" />
            </Method>
            <Method visited="true" cyclomaticComplexity="2" nPathComplexity="2" sequenceCoverage="100" branchCoverage="100" crapScore="2" isConstructor="false" isStatic="false" isGetter="false" isSetter="false">
              <Summary numSequencePoints="11" visitedSequencePoints="11" numBranchPoints="3" visitedBranchPoints="3" sequenceCoverage="100" branchCoverage="100" maxCyclomaticComplexity="2" minCyclomaticComplexity="2" maxCrapScore="2" minCrapScore="2" visitedClasses="0" numClasses="0" visitedMethods="1" numMethods="1" />
              <MetadataToken>100663330</MetadataToken>
              <Name>System.Void Testovi.Testovi_KlasaPretrage_Int::TestKlasePretrage_Int_TestBibliotecnePretrage()</Name>
              <FileRef uid="1" />
              <SequencePoints>
                <SequencePoint vc="1" uspid="290" ordinal="0" offset="0" sl="372" sc="9" el="372" ec="10" bec="0" bev="0" fileid="1" />
                <SequencePoint vc="1" uspid="291" ordinal="1" offset="1" sl="373" sc="13" el="373" ec="40" bec="0" bev="0" fileid="1" />
                <SequencePoint vc="1" uspid="292" ordinal="2" offset="7" sl="374" sc="13" el="374" ec="43" bec="0" bev="0" fileid="1" />
                <SequencePoint vc="1" uspid="293" ordinal="3" offset="15" sl="375" sc="18" el="375" ec="27" bec="0" bev="0" fileid="1" />
                <SequencePoint vc="10" uspid="294" ordinal="4" offset="19" sl="376" sc="17" el="376" ec="53" bec="0" bev="0" fileid="1" />
                <SequencePoint vc="10" uspid="295" ordinal="5" offset="31" sl="375" sc="37" el="375" ec="40" bec="0" bev="0" fileid="1" />
                <SequencePoint vc="11" uspid="296" ordinal="6" offset="35" sl="375" sc="29" el="375" ec="35" bec="2" bev="2" fileid="1" />
                <SequencePoint vc="1" uspid="297" ordinal="7" offset="46" sl="378" sc="13" el="378" ec="37" bec="0" bev="0" fileid="1" />
                <SequencePoint vc="1" uspid="298" ordinal="8" offset="53" sl="380" sc="13" el="380" ec="84" bec="0" bev="0" fileid="1" />
                <SequencePoint vc="1" uspid="299" ordinal="9" offset="63" sl="382" sc="13" el="382" ec="66" bec="0" bev="0" fileid="1" />
                <SequencePoint vc="1" uspid="300" ordinal="10" offset="75" sl="383" sc="9" el="383" ec="10" bec="0" bev="0" fileid="1" />
              </SequencePoints>
              <BranchPoints>
                <BranchPoint vc="1" uspid="301" ordinal="0" offset="44" sl="375" path="0" offsetend="46" fileid="1" />
                <BranchPoint vc="10" uspid="302" ordinal="1" offset="44" sl="375" path="1" offsetend="19" fileid="1" />
              </BranchPoints>
              <MethodPoint xsi:type="SequencePoint" vc="1" uspid="290" ordinal="0" offset="0" sl="372" sc="9" el="372" ec="10" bec="0" bev="0" fileid="1" />
            </Method>
            <Method visited="true" cyclomaticComplexity="2" nPathComplexity="2" sequenceCoverage="100" branchCoverage="100" crapScore="2" isConstructor="false" isStatic="false" isGetter="false" isSetter="false">
              <Summary numSequencePoints="11" visitedSequencePoints="11" numBranchPoints="3" visitedBranchPoints="3" sequenceCoverage="100" branchCoverage="100" maxCyclomaticComplexity="2" minCyclomaticComplexity="2" maxCrapScore="2" minCrapScore="2" visitedClasses="0" numClasses="0" visitedMethods="1" numMethods="1" />
              <MetadataToken>100663331</MetadataToken>
              <Name>System.Void Testovi.Testovi_KlasaPretrage_Int::TestKlasePretrage_Pomocna()</Name>
              <FileRef uid="1" />
              <SequencePoints>
                <SequencePoint vc="1" uspid="303" ordinal="0" offset="0" sl="387" sc="9" el="387" ec="10" bec="0" bev="0" fileid="1" />
                <SequencePoint vc="1" uspid="304" ordinal="1" offset="1" sl="388" sc="13" el="388" ec="40" bec="0" bev="0" fileid="1" />
                <SequencePoint vc="1" uspid="305" ordinal="2" offset="7" sl="389" sc="13" el="389" ec="43" bec="0" bev="0" fileid="1" />
                <SequencePoint vc="1" uspid="306" ordinal="3" offset="15" sl="390" sc="18" el="390" ec="27" bec="0" bev="0" fileid="1" />
                <SequencePoint vc="10" uspid="307" ordinal="4" offset="19" sl="391" sc="17" el="391" ec="53" bec="0" bev="0" fileid="1" />
                <SequencePoint vc="10" uspid="308" ordinal="5" offset="31" sl="390" sc="37" el="390" ec="40" bec="0" bev="0" fileid="1" />
                <SequencePoint vc="11" uspid="309" ordinal="6" offset="35" sl="390" sc="29" el="390" ec="35" bec="2" bev="2" fileid="1" />
                <SequencePoint vc="1" uspid="310" ordinal="7" offset="46" sl="393" sc="13" el="393" ec="37" bec="0" bev="0" fileid="1" />
[...]
                <BranchPoint vc="11" uspid="1242" ordinal="2" offset="41" sl="347" path="0" offsetend="43" fileid="12" />
                <BranchPoint vc="44" uspid="1243" ordinal="3" offset="41" sl="347" path="1" offsetend="47" fileid="12" />
                <BranchPoint vc="12" uspid="1244" ordinal="4" offset="77" sl="350" path="0" offsetend="79" fileid="12" />
                <BranchPoint vc="32" uspid="1245" ordinal="5" offset="77" sl="350" path="1" offsetend="93" fileid="12" />
              </BranchPoints>
              <MethodPoint xsi:type="SequencePoint" vc="57" uspid="1229" ordinal="0" offset="0" sl="342" sc="9" el="342" ec="10" bec="0" bev="0" fileid="12" />
            </Method>
            <Method visited="true" cyclomaticComplexity="3" nPathComplexity="2" sequenceCoverage="100" branchCoverage="100" crapScore="3" isConstructor="false" isStatic="true" isGetter="false" isSetter="false">
              <Summary numSequencePoints="3" visitedSequencePoints="3" numBranchPoints="3" visitedBranchPoints="3" sequenceCoverage="100" branchCoverage="100" maxCyclomaticComplexity="3" minCyclomaticComplexity="3" maxCrapScore="3" minCrapScore="3" visitedClasses="0" numClasses="0" visitedMethods="1" numMethods="1" />
              <MetadataToken>100663361</MetadataToken>
              <Name>System.Int32 TestiranjeSoftvera_Zadaca2.Algoritmi.Pretrage::min(System.Int32,System.Int32)</Name>
              <FileRef uid="12" />
              <SequencePoints>
                <SequencePoint vc="34" uspid="1246" ordinal="0" offset="0" sl="361" sc="9" el="361" ec="10" bec="0" bev="0" fileid="12" />
                <SequencePoint vc="34" uspid="1247" ordinal="1" offset="1" sl="362" sc="13" el="362" ec="37" bec="2" bev="2" fileid="12" />
                <SequencePoint vc="34" uspid="1248" ordinal="2" offset="12" sl="363" sc="9" el="363" ec="10" bec="0" bev="0" fileid="12" />
              </SequencePoints>
              <BranchPoints>
                <BranchPoint vc="9" uspid="1249" ordinal="0" offset="3" sl="362" path="0" offsetend="5" fileid="12" />
                <BranchPoint vc="25" uspid="1250" ordinal="1" offset="3" sl="362" path="1" offsetend="8" fileid="12" />
              </BranchPoints>
              <MethodPoint xsi:type="SequencePoint" vc="34" uspid="1246" ordinal="0" offset="0" sl="361" sc="9" el="361" ec="10" bec="0" bev="0" fileid="12" />
            </Method>
            <Method visited="true" cyclomaticComplexity="1" nPathComplexity="0" sequenceCoverage="100" branchCoverage="100" crapScore="1" isConstructor="false" isStatic="true" isGetter="false" isSetter="false">
              <Summary numSequencePoints="3" visitedSequencePoints="3" numBranchPoints="1" visitedBranchPoints="1" sequenceCoverage="100" branchCoverage="100" maxCyclomaticComplexity="1" minCyclomaticComplexity="1" maxCrapScore="1" minCrapScore="1" visitedClasses="0" numClasses="0" visitedMethods="1" numMethods="1" />
              <MetadataToken>100663362</MetadataToken>
              <Name>System.Int32 TestiranjeSoftvera_Zadaca2.Algoritmi.Pretrage::ternarnaPretraga(System.Collections.Generic.IList`1&lt;T&gt;,T)</Name>
              <FileRef uid="12" />
              <SequencePoints>
                <SequencePoint vc="1" uspid="1251" ordinal="0" offset="0" sl="367" sc="9" el="367" ec="10" bec="0" bev="0" fileid="12" />
                <SequencePoint vc="1" uspid="1252" ordinal="1" offset="1" sl="369" sc="13" el="369" ec="78" bec="0" bev="0" fileid="12" />
                <SequencePoint vc="1" uspid="1253" ordinal="2" offset="18" sl="370" sc="9" el="370" ec="10" bec="0" bev="0" fileid="12" />
              </SequencePoints>
              <BranchPoints />
              <MethodPoint xsi:type="SequencePoint" vc="1" uspid="1251" ordinal="0" offset="0" sl="367" sc="9" el="367" ec="10" bec="0" bev="0" fileid="12" />
            </Method>
            <Method visited="true" cyclomaticComplexity="6" nPathComplexity="32" sequenceCoverage="68.42" branchCoverage="63.64" crapScore="7.13" isConstructor="false" isStatic="true" isGetter="false" isSetter="false">
              <Summary numSequencePoints="19" visitedSequencePoints="13" numBranchPoints="11" visitedBranchPoints="7" sequenceCoverage="68.42" branchCoverage="63.64" maxCyclomaticComplexity="6" minCyclomaticComplexity="6" maxCrapScore="7.13" minCrapScore="7.13" visitedClasses="0" numClasses="0" visitedMethods="1" numMethods="1" />
              <MetadataToken>100663363</MetadataToken>
              <Name>System.Int32 TestiranjeSoftvera_Zadaca2.Algoritmi.Pretrage::pomocnaZaTernarnu(System.Collections.Generic.IList`1&lt;T&gt;,T,System.Int32,System.Int32)</Name>
              <FileRef uid="12" />
              <SequencePoints>
                <SequencePoint vc="4" uspid="1254" ordinal="0" offset="0" sl="373" sc="9" el="373" ec="10" bec="0" bev="0" fileid="12" />
                <SequencePoint vc="4" uspid="1255" ordinal="1" offset="1" sl="374" sc="13" el="374" ec="34" bec="2" bev="1" fileid="12" />
                <SequencePoint vc="4" uspid="1256" ordinal="2" offset="20" sl="375" sc="13" el="375" ec="14" bec="0" bev="0" fileid="12" />
                <SequencePoint vc="4" uspid="1257" ordinal="3" offset="21" sl="377" sc="17" el="377" ec="63" bec="0" bev="0" fileid="12" />
                <SequencePoint vc="4" uspid="1258" ordinal="4" offset="29" sl="378" sc="17" el="378" ec="60" bec="0" bev="0" fileid="12" />
                <SequencePoint vc="4" uspid="1259" ordinal="5" offset="37" sl="381" sc="17" el="381" ec="87" bec="2" bev="2" fileid="12" />
                <SequencePoint vc="2" uspid="1260" ordinal="6" offset="59" sl="381" sc="88" el="381" ec="104" bec="0" bev="0" fileid="12" />
                <SequencePoint vc="2" uspid="1261" ordinal="7" offset="67" sl="382" sc="17" el="382" ec="87" bec="2" bev="1" fileid="12" />
                <SequencePoint vc="0" uspid="1262" ordinal="8" offset="91" sl="382" sc="88" el="382" ec="104" bec="0" bev="0" fileid="12" />
                <SequencePoint vc="2" uspid="1263" ordinal="9" offset="96" sl="384" sc="17" el="384" ec="65" bec="2" bev="1" fileid="12" />
                <SequencePoint vc="0" uspid="1264" ordinal="10" offset="128" sl="385" sc="17" el="385" ec="18" bec="0" bev="0" fileid="12" />
                <SequencePoint vc="0" uspid="1265" ordinal="11" offset="129" sl="387" sc="21" el="387" ec="90" bec="0" bev="0" fileid="12" />
                <SequencePoint vc="2" uspid="1266" ordinal="12" offset="144" sl="389" sc="22" el="389" ec="70" bec="2" bev="1" fileid="12" />
                <SequencePoint vc="0" uspid="1267" ordinal="13" offset="176" sl="390" sc="17" el="390" ec="18" bec="0" bev="0" fileid="12" />
                <SequencePoint vc="0" uspid="1268" ordinal="14" offset="177" sl="393" sc="21" el="393" ec="87" bec="0" bev="0" fileid="12" />
                <SequencePoint vc="2" uspid="1269" ordinal="15" offset="192" sl="396" sc="17" el="396" ec="18" bec="0" bev="0" fileid="12" />
                <SequencePoint vc="2" uspid="1270" ordinal="16" offset="193" sl="398" sc="21" el="398" ec="95" bec="0" bev="0" fileid="12" />
                <SequencePoint vc="0" uspid="1271" ordinal="17" offset="210" sl="402" sc="13" el="402" ec="23" bec="0" bev="0" fileid="12" />
                <SequencePoint vc="4" uspid="1272" ordinal="18" offset="215" sl="403" sc="9" el="403" ec="10" bec="0" bev="0" fileid="12" />
              </SequencePoints>
              <BranchPoints>
                <BranchPoint vc="4" uspid="1273" ordinal="0" offset="15" sl="374" path="0" offsetend="20" fileid="12" />
                <BranchPoint vc="0" uspid="1274" ordinal="1" offset="15" sl="374" path="1" offsetend="210" fileid="12" />
                <BranchPoint vc="2" uspid="1275" ordinal="2" offset="57" sl="381" path="0" offsetend="59" fileid="12" />
                <BranchPoint vc="2" uspid="1276" ordinal="3" offset="57" sl="381" path="1" offsetend="67" fileid="12" />
                <BranchPoint vc="0" uspid="1277" ordinal="4" offset="89" sl="382" path="0" offsetend="91" fileid="12" />
                <BranchPoint vc="2" uspid="1278" ordinal="5" offset="89" sl="382" path="1" offsetend="96" fileid="12" />
                <BranchPoint vc="0" uspid="1279" ordinal="6" offset="126" sl="384" path="0" offsetend="128" fileid="12" />
                <BranchPoint vc="2" uspid="1280" ordinal="7" offset="126" sl="384" path="1" offsetend="144" fileid="12" />
                <BranchPoint vc="0" uspid="1281" ordinal="8" offset="174" sl="389" path="0" offsetend="176" fileid="12" />
                <BranchPoint vc="2" uspid="1282" ordinal="9" offset="174" sl="389" path="1" offsetend="192" fileid="12" />
              </BranchPoints>
              <MethodPoint xsi:type="SequencePoint" vc="4" uspid="1254" ordinal="0" offset="0" sl="373" sc="9" el="373" ec="10" bec="0" bev="0" fileid="12" />
            </Method>
            <Method visited="true" cyclomaticComplexity="1" nPathComplexity="0" sequenceCoverage="100" branchCoverage="100" crapScore="1" isConstructor="false" isStatic="true" isGetter="false" isSetter="false">
              <Summary numSequencePoints="4" visitedSequencePoints="4" numBranchPoints="1" visitedBranchPoints="1" sequenceCoverage="100" branchCoverage="100" maxCyclomaticComplexity="1" minCyclomaticComplexity="1" maxCrapScore="1" minCrapScore="1" visitedClasses="0" numClasses="0" visitedMethods="1" numMethods="1" />
              <MetadataToken>100663364</MetadataToken>
              <Name>System.Int32 TestiranjeSoftvera_Zadaca2.Algoritmi.Pretrage::ternarnaPretraga(System.Collections.Generic.IList`1&lt;TestiranjeSoftvera_Zadaca2.Klase.Osoba&gt;,TestiranjeSoftvera_Zadaca2.Klase.Osoba)</Name>
              <FileRef uid="12" />
              <SequencePoints>
                <SequencePoint vc="1" uspid="1283" ordinal="0" offset="0" sl="407" sc="9" el="407" ec="10" bec="0" bev="0" fileid="12" />
                <SequencePoint vc="1" uspid="1284" ordinal="1" offset="1" sl="408" sc="13" el="408" ec="44" bec="0" bev="0" fileid="12" />
                <SequencePoint vc="1" uspid="1285" ordinal="2" offset="8" sl="409" sc="13" el="409" ec="77" bec="0" bev="0" fileid="12" />
                <SequencePoint vc="1" uspid="1286" ordinal="3" offset="25" sl="410" sc="9" el="410" ec="10" bec="0" bev="0" fileid="12" />
              </SequencePoints>
              <BranchPoints />
              <MethodPoint xsi:type="SequencePoint" vc="1" uspid="1283" ordinal="0" offset="0" sl="407" sc="9" el="407" ec="10" bec="0" bev="0" fileid="12" />
            </Method>
            <Method visited="true" cyclomaticComplexity="6" nPathComplexity="32" sequenceCoverage="42.11" branchCoverage="27.27" crapScore="12.98" isConstructor="false" isStatic="true" isGetter="false" isSetter="false">
              <Summary numSequencePoints="19" visitedSequencePoints="8" numBranchPoints="11" visitedBranchPoints="3" sequenceCoverage="42.11" branchCoverage="27.27" maxCyclomaticComplexity="6" minCyclomaticComplexity="6" maxCrapScore="12.98" minCrapScore="12.98" visitedClasses="0" numClasses="0" visitedMethods="1" numMethods="1" />
              <MetadataToken>100663365</MetadataToken>
              <Name>System.Int32 TestiranjeSoftvera_Zadaca2.Algoritmi.Pretrage::pomocnaZaTernarnu(System.Collections.Generic.IList`1&lt;TestiranjeSoftvera_Zadaca2.Klase.Osoba&gt;,TestiranjeSoftvera_Zadaca2.Klase.Osoba,System.Int32,System.Int32)</Name>
              <FileRef uid="12" />
              <SequencePoints>
                <SequencePoint vc="2" uspid="1287" ordinal="0" offset="0" sl="413" sc="9" el="413" ec="10" bec="0" bev="0" fileid="12" />
                <SequencePoint vc="2" uspid="1288" ordinal="1" offset="1" sl="414" sc="13" el="414" ec="34" bec="2" bev="1" fileid="12" />
                <SequencePoint vc="2" uspid="1289" ordinal="2" offset="20" sl="415" sc="13" el="415" ec="14" bec="0" bev="0" fileid="12" />
                <SequencePoint vc="2" uspid="1290" ordinal="3" offset="21" sl="417" sc="17" el="417" ec="63" bec="0" bev="0" fileid="12" />
                <SequencePoint vc="2" uspid="1291" ordinal="4" offset="29" sl="418" sc="17" el="418" ec="60" bec="0" bev="0" fileid="12" />
                <SequencePoint vc="2" uspid="1292" ordinal="5" offset="37" sl="421" sc="17" el="421" ec="53" bec="2" bev="1" fileid="12" />
                <SequencePoint vc="2" uspid="1293" ordinal="6" offset="54" sl="421" sc="54" el="421" ec="70" bec="0" bev="0" fileid="12" />
                <SequencePoint vc="0" uspid="1294" ordinal="7" offset="59" sl="422" sc="17" el="422" ec="53" bec="2" bev="0" fileid="12" />
                <SequencePoint vc="0" uspid="1295" ordinal="8" offset="78" sl="422" sc="54" el="422" ec="70" bec="0" bev="0" fileid="12" />
                <SequencePoint vc="0" uspid="1296" ordinal="9" offset="83" sl="425" sc="17" el="425" ec="52" bec="2" bev="0" fileid="12" />
                <SequencePoint vc="0" uspid="1297" ordinal="10" offset="102" sl="426" sc="17" el="426" ec="18" bec="0" bev="0" fileid="12" />
                <SequencePoint vc="0" uspid="1298" ordinal="11" offset="103" sl="428" sc="21" el="428" ec="90" bec="0" bev="0" fileid="12" />
                <SequencePoint vc="0" uspid="1299" ordinal="12" offset="118" sl="430" sc="22" el="430" ec="57" bec="2" bev="0" fileid="12" />
                <SequencePoint vc="0" uspid="1300" ordinal="13" offset="137" sl="431" sc="17" el="431" ec="18" bec="0" bev="0" fileid="12" />
                <SequencePoint vc="0" uspid="1301" ordinal="14" offset="138" sl="434" sc="21" el="434" ec="87" bec="0" bev="0" fileid="12" />
                <SequencePoint vc="0" uspid="1302" ordinal="15" offset="153" sl="437" sc="17" el="437" ec="18" bec="0" bev="0" fileid="12" />
                <SequencePoint vc="0" uspid="1303" ordinal="16" offset="154" sl="439" sc="21" el="439" ec="95" bec="0" bev="0" fileid="12" />
                <SequencePoint vc="0" uspid="1304" ordinal="17" offset="171" sl="443" sc="13" el="443" ec="23" bec="0" bev="0" fileid="12" />
                <SequencePoint vc="2" uspid="1305" ordinal="18" offset="176" sl="444" sc="9" el="444" ec="10" bec="0" bev="0" fileid="12" />
              </SequencePoints>
              <BranchPoints>
                <BranchPoint vc="2" uspid="1306" ordinal="0" offset="15" sl="414" path="0" offsetend="20" fileid="12" />
                <BranchPoint vc="0" uspid="1307" ordinal="1" offset="15" sl="414" path="1" offsetend="171" fileid="12" />
                <BranchPoint vc="2" uspid="1308" ordinal="2" offset="52" sl="421" path="0" offsetend="54" fileid="12" />
                <BranchPoint vc="0" uspid="1309" ordinal="3" offset="52" sl="421" path="1" offsetend="59" fileid="12" />
                <BranchPoint vc="0" uspid="1310" ordinal="4" offset="76" sl="422" path="0" offsetend="78" fileid="12" />
                <BranchPoint vc="0" uspid="1311" ordinal="5" offset="76" sl="422" path="1" offsetend="83" fileid="12" />
                <BranchPoint vc="0" uspid="1312" ordinal="6" offset="100" sl="425" path="0" offsetend="102" fileid="12" />
                <BranchPoint vc="0" uspid="1313" ordinal="7" offset="100" sl="425" path="1" offsetend="118" fileid="12" />
                <BranchPoint vc="0" uspid="1314" ordinal="8" offset="135" sl="430" path="0" offsetend="137" fileid="12" />
                <BranchPoint vc="0" uspid="1315" ordinal="9" offset="135" sl="430" path="1" offsetend="153" fileid="12" />
              </BranchPoints>
              <MethodPoint xsi:type="SequencePoint" vc="2" uspid="1287" ordinal="0" offset="0" sl="413" sc="9" el="413" ec="10" bec="0" bev="0" fileid="12" />
            </Method>
            <Method visited="false" cyclomaticComplexity="1" nPathComplexity="0" sequenceCoverage="0" branchCoverage="0" crapScore="2" isConstructor="true" isStatic="false" isGetter="false" isSetter="false">
              <Summary numSequencePoints="0" visitedSequencePoints="0" numBranchPoints="0" visitedBranchPoints="0" sequenceCoverage="0" branchCoverage="0" maxCyclomaticComplexity="1" minCyclomaticComplexity="1" maxCrapScore="2" minCrapScore="2" visitedClasses="0" numClasses="0" visitedMethods="0" numMethods="0" />
              <MetadataToken>100663366</MetadataToken>
              <Name>System.Void TestiranjeSoftvera_Zadaca2.Algoritmi.Pretrage::.ctor()</Name>
              <SequencePoints />
              <BranchPoints />
              <MethodPoint vc="0" uspid="1316" ordinal="0" offset="0" />
            </Method>
          </Methods>
        </Class>
        <Class>
          <Summary numSequencePoints="1" visitedSequencePoints="1" numBranchPoints="1" visitedBranchPoints="1" sequenceCoverage="100" branchCoverage="100" maxCyclomaticComplexity="1" minCyclomaticComplexity="1" maxCrapScore="2" minCrapScore="1" visitedClasses="1" numClasses="1" visitedMethods="1" numMethods="1" />
          <FullName>TestiranjeSoftvera_Zadaca2.Algoritmi.Pretrage/&lt;&gt;c</FullName>
          <Methods>
            <Method visited="false" cyclomaticComplexity="1" nPathComplexity="0" sequenceCoverage="0" branchCoverage="0" crapScore="2" isConstructor="true" isStatic="true" isGetter="false" isSetter="false">
              <Summary numSequencePoints="0" visitedSequencePoints="0" numBranchPoints="0" visitedBranchPoints="0" sequenceCoverage="0" branchCoverage="0" maxCyclomaticComplexity="1" minCyclomaticComplexity="1" maxCrapScore="2" minCrapScore="2" visitedClasses="0" numClasses="0" visitedMethods="0" numMethods="0" />
              <MetadataToken>100663372</MetadataToken>
              <Name>System.Void TestiranjeSoftvera_Zadaca2.Algoritmi.Pretrage/&lt;&gt;c::.cctor()</Name>
              <SequencePoints />
              <BranchPoints />
              <MethodPoint vc="0" uspid="1317" ordinal="0" offset="0" />
            </Method>
            <Method visited="false" cyclomaticComplexity="1" nPathComplexity="0" sequenceCoverage="0" branchCoverage="0" crapScore="2" isConstructor="true" isStatic="false" isGetter="false" isSetter="false">
              <Summary numSequencePoints="0" visitedSequencePoints="0" numBranchPoints="0" visitedBranchPoints="0" sequenceCoverage="0" branchCoverage="0" maxCyclomaticComplexity="1" minCyclomaticComplexity="1" maxCrapScore="2" minCrapScore="2" visitedClasses="0" numClasses="0" visitedMethods="0" numMethods="0" />
              <MetadataToken>100663373</MetadataToken>
              <Name>System.Void TestiranjeSoftvera_Zadaca2.Algoritmi.Pretrage/&lt;&gt;c::.ctor()</Name>
              <SequencePoints />
              <BranchPoints />
              <MethodPoint vc="0" uspid="1318" ordinal="0" offset="0" />
            </Method>
            <Method visited="true" cyclomaticComplexity="1" nPathComplexity="0" sequenceCoverage="100" branchCoverage="100" crapScore="1" isConstructor="false" isStatic="false" isGetter="false" isSetter="false">
              <Summary numSequencePoints="1" visitedSequencePoints="1" numBranchPoints="1" visitedBranchPoints="1" sequenceCoverage="100" branchCoverage="100" maxCyclomaticComplexity="1" minCyclomaticComplexity="1" maxCrapScore="1" minCrapScore="1" visitedClasses="0" numClasses="0" visitedMethods="1" numMethods="1" />
              <MetadataToken>100663374</MetadataToken>
              <Name>System.UInt32 TestiranjeSoftvera_Zadaca2.Algoritmi.Pretrage/&lt;&gt;c::&lt;vratiSortirano&gt;b__10_0(TestiranjeSoftvera_Zadaca2.Klase.Osoba)</Name>
              <FileRef uid="12" />
              <SequencePoints>
                <SequencePoint vc="70" uspid="1319" ordinal="0" offset="0" sl="209" sc="37" el="209" ec="43" bec="0" bev="0" fileid="12" />
              </SequencePoints>
              <BranchPoints />
              <MethodPoint xsi:type="SequencePoint" vc="70" uspid="1319" ordinal="0" offset="0" sl="209" sc="37" el="209" ec="43" bec="0" bev="0" fileid="12" />
            </Method>
          </Methods>
        </Class>
      </Classes>
    </Module>
  </Modules>
</CoverageSession>